<?xml version="1.0" encoding="UTF-8"?>
<robot generator="Robot 5.0.1 (Python 3.11.4 on darwin)" generated="20230830 21:06:32.527" rpa="false" schemaversion="3">
<suite id="s1" name="Test Add Player Restricted Data Rf" source="/Users/martaciesla/PycharmProjects/robot_framework_football/add_player_restricted_data_only/test_add_player_restricted_data_rf.robot">
<test id="s1-t1" name="Adding Player - Restricted Data Only" line="19">
<kw name="Run Keywords" library="BuiltIn" type="SETUP">
<arg>Login to the system EN</arg>
<doc>Executes all the given keywords in a sequence.</doc>
<kw name="Log in to the system EN" library="resources">
<kw name="Open login page" library="resources">
<kw name="Open Browser" library="SeleniumLibrary">
<arg>${LOGIN URL}</arg>
<arg>${BROWSER}</arg>
<doc>Opens a new browser instance to the optional ``url``.</doc>
<msg timestamp="20230830 21:06:32.594" level="INFO">Opening browser 'Chrome' to base url 'https://scouts-test.futbolkolektyw.pl/en'.</msg>
<status status="PASS" starttime="20230830 21:06:32.594" endtime="20230830 21:06:34.170"/>
</kw>
<status status="PASS" starttime="20230830 21:06:32.593" endtime="20230830 21:06:34.170"/>
</kw>
<kw name="Type in email" library="resources">
<kw name="Input Text" library="SeleniumLibrary">
<arg>${EMAILINPUT}</arg>
<arg>user01@getnada.com</arg>
<doc>Types the given ``text`` into the text field identified by ``locator``.</doc>
<msg timestamp="20230830 21:06:34.171" level="INFO">Typing text 'user01@getnada.com' into text field 'xpath=//*[@id='login']'.</msg>
<status status="PASS" starttime="20230830 21:06:34.170" endtime="20230830 21:06:34.287"/>
</kw>
<status status="PASS" starttime="20230830 21:06:34.170" endtime="20230830 21:06:34.287"/>
</kw>
<kw name="Type in password" library="resources">
<kw name="Input Password" library="SeleniumLibrary">
<arg>${PASSWORDINPUT}</arg>
<arg>Test-1234</arg>
<doc>Types the given password into the text field identified by ``locator``.</doc>
<msg timestamp="20230830 21:06:34.288" level="INFO">Typing password into text field 'xpath=//*[@id='password']'.</msg>
<msg timestamp="20230830 21:06:34.304" level="INFO">Temporally setting log level to: NONE</msg>
<msg timestamp="20230830 21:06:34.333" level="INFO">Log level changed from NONE to INFO.</msg>
<status status="PASS" starttime="20230830 21:06:34.288" endtime="20230830 21:06:34.333"/>
</kw>
<status status="PASS" starttime="20230830 21:06:34.287" endtime="20230830 21:06:34.333"/>
</kw>
<kw name="Click dropdown menu" library="resources">
<kw name="Click Element" library="SeleniumLibrary">
<arg>${LANGDROPDOWN}</arg>
<doc>Click the element identified by ``locator``.</doc>
<msg timestamp="20230830 21:06:34.333" level="INFO">Clicking element 'xpath=//form//div[2]/div/div'.</msg>
<status status="PASS" starttime="20230830 21:06:34.333" endtime="20230830 21:06:34.358"/>
</kw>
<status status="PASS" starttime="20230830 21:06:34.333" endtime="20230830 21:06:34.358"/>
</kw>
<kw name="Choose English Language" library="resources">
<kw name="Click Element" library="SeleniumLibrary">
<arg>${ENGLISHLOGIN}</arg>
<doc>Click the element identified by ``locator``.</doc>
<msg timestamp="20230830 21:06:34.359" level="INFO">Clicking element 'xpath=//div[3]/ul/li[2]'.</msg>
<status status="PASS" starttime="20230830 21:06:34.359" endtime="20230830 21:06:34.380"/>
</kw>
<status status="PASS" starttime="20230830 21:06:34.358" endtime="20230830 21:06:34.380"/>
</kw>
<kw name="Click log in button" library="resources">
<kw name="Click Button" library="SeleniumLibrary">
<arg>${SIGNINBUTTON}</arg>
<doc>Clicks the button identified by ``locator``.</doc>
<msg timestamp="20230830 21:06:34.381" level="INFO">Clicking button 'xpath=//button[@type='submit']'.</msg>
<status status="PASS" starttime="20230830 21:06:34.380" endtime="20230830 21:06:34.645"/>
</kw>
<status status="PASS" starttime="20230830 21:06:34.380" endtime="20230830 21:06:34.645"/>
</kw>
<kw name="Wait for dashboard to open" library="resources">
<kw name="Wait Until Element Is Visible" library="SeleniumLibrary">
<arg>${ADDPLAYERBUTTON}</arg>
<arg>timeout=20</arg>
<doc>Waits until the element ``locator`` is visible.</doc>
<status status="PASS" starttime="20230830 21:06:34.645" endtime="20230830 21:06:37.460"/>
</kw>
<status status="PASS" starttime="20230830 21:06:34.645" endtime="20230830 21:06:37.460"/>
</kw>
<status status="PASS" starttime="20230830 21:06:32.593" endtime="20230830 21:06:37.460"/>
</kw>
<status status="PASS" starttime="20230830 21:06:32.593" endtime="20230830 21:06:37.460"/>
</kw>
<kw name="Click add player button">
<kw name="Wait Until Element Is Visible" library="SeleniumLibrary">
<arg>${ADDPLAYERBUTTON}</arg>
<arg>timeout=20</arg>
<doc>Waits until the element ``locator`` is visible.</doc>
<status status="PASS" starttime="20230830 21:06:37.461" endtime="20230830 21:06:37.471"/>
</kw>
<kw name="Click Button" library="SeleniumLibrary">
<arg>${ADDPLAYERBUTTON}</arg>
<doc>Clicks the button identified by ``locator``.</doc>
<msg timestamp="20230830 21:06:37.471" level="INFO">Clicking button 'xpath=//div[2]//a/button'.</msg>
<status status="PASS" starttime="20230830 21:06:37.471" endtime="20230830 21:06:37.498"/>
</kw>
<status status="PASS" starttime="20230830 21:06:37.460" endtime="20230830 21:06:37.498"/>
</kw>
<kw name="Fill in the form">
<kw name="Wait Until Element Is Visible" library="SeleniumLibrary">
<arg>${ADDPLAYERFORMNAME}</arg>
<arg>timeout=20</arg>
<doc>Waits until the element ``locator`` is visible.</doc>
<status status="PASS" starttime="20230830 21:06:37.499" endtime="20230830 21:06:37.719"/>
</kw>
<kw name="Press Keys" library="SeleniumLibrary">
<arg>${ADDPLAYERFORMNAME}</arg>
<arg>${SPACE}</arg>
<doc>Simulates the user pressing key(s) to an element or on the active browser.</doc>
<msg timestamp="20230830 21:06:37.719" level="INFO">Sending key(s) (' ',) to xpath=//input[@name='name'] element.</msg>
<msg timestamp="20230830 21:06:37.996" level="INFO">Sending key  </msg>
<status status="PASS" starttime="20230830 21:06:37.719" endtime="20230830 21:06:38.007"/>
</kw>
<kw name="Press Keys" library="SeleniumLibrary">
<arg>${ADDPLAYERFORMSURNAME}</arg>
<arg>${SPACE}</arg>
<doc>Simulates the user pressing key(s) to an element or on the active browser.</doc>
<msg timestamp="20230830 21:06:38.007" level="INFO">Sending key(s) (' ',) to xpath=//input[@name='surname'] element.</msg>
<msg timestamp="20230830 21:06:38.292" level="INFO">Sending key  </msg>
<status status="PASS" starttime="20230830 21:06:38.007" endtime="20230830 21:06:38.301"/>
</kw>
<kw name="Press Keys" library="SeleniumLibrary">
<arg>${ADDPLAYERFORMPOSITION}</arg>
<arg>${SPACE}</arg>
<doc>Simulates the user pressing key(s) to an element or on the active browser.</doc>
<msg timestamp="20230830 21:06:38.301" level="INFO">Sending key(s) (' ',) to xpath=//input[@name='mainPosition'] element.</msg>
<msg timestamp="20230830 21:06:38.597" level="INFO">Sending key  </msg>
<status status="PASS" starttime="20230830 21:06:38.301" endtime="20230830 21:06:38.606"/>
</kw>
<kw name="Input Text" library="SeleniumLibrary">
<arg>${ADDPLAYERFORMAGE}</arg>
<arg>15102024</arg>
<doc>Types the given ``text`` into the text field identified by ``locator``.</doc>
<msg timestamp="20230830 21:06:38.606" level="INFO">Typing text '15102024' into text field 'xpath=//input[@name='age']'.</msg>
<status status="PASS" starttime="20230830 21:06:38.606" endtime="20230830 21:06:38.654"/>
</kw>
<kw name="Click Button" library="SeleniumLibrary">
<arg>${ADDPLAYERFORMSUBMITBUTTON}</arg>
<doc>Clicks the button identified by ``locator``.</doc>
<msg timestamp="20230830 21:06:38.654" level="INFO">Clicking button 'xpath=//main//form/*/button[1]'.</msg>
<status status="PASS" starttime="20230830 21:06:38.654" endtime="20230830 21:06:38.688"/>
</kw>
<kw name="Sleep" library="BuiltIn">
<arg>3s</arg>
<doc>Pauses the test executed for the given time.</doc>
<msg timestamp="20230830 21:06:41.689" level="INFO">Slept 3 seconds</msg>
<status status="PASS" starttime="20230830 21:06:38.688" endtime="20230830 21:06:41.696"/>
</kw>
<status status="PASS" starttime="20230830 21:06:37.498" endtime="20230830 21:06:41.696"/>
</kw>
<kw name="Assert page redirect">
<kw name="Wait Until Element Is Visible" library="SeleniumLibrary">
<arg>${MATCHESMENUEXTENSION}</arg>
<arg>timeout=30</arg>
<doc>Waits until the element ``locator`` is visible.</doc>
<status status="PASS" starttime="20230830 21:06:41.698" endtime="20230830 21:06:41.721"/>
</kw>
<kw name="Get Location" library="SeleniumLibrary">
<doc>Returns the current browser window URL.</doc>
<status status="PASS" starttime="20230830 21:06:41.722" endtime="20230830 21:06:41.726"/>
</kw>
<kw name="Location Should Contain" library="SeleniumLibrary">
<arg>edit</arg>
<doc>Verifies that the current URL contains ``expected``.</doc>
<msg timestamp="20230830 21:06:41.730" level="INFO">Current location contains 'edit'.</msg>
<status status="PASS" starttime="20230830 21:06:41.726" endtime="20230830 21:06:41.730"/>
</kw>
<kw name="Capture Page Screenshot" library="SeleniumLibrary">
<arg>alert_add_player_restricted_data.png</arg>
<doc>Takes a screenshot of the current page and embeds it into a log file.</doc>
<msg timestamp="20230830 21:06:41.899" level="INFO" html="true">&lt;/td&gt;&lt;/tr&gt;&lt;tr&gt;&lt;td colspan="3"&gt;&lt;a href="alert_add_player_restricted_data.png"&gt;&lt;img src="alert_add_player_restricted_data.png" width="800px"&gt;&lt;/a&gt;</msg>
<status status="PASS" starttime="20230830 21:06:41.730" endtime="20230830 21:06:41.899"/>
</kw>
<status status="PASS" starttime="20230830 21:06:41.697" endtime="20230830 21:06:41.899"/>
</kw>
<kw name="Run Keywords" library="BuiltIn" type="TEARDOWN">
<arg>Log Out And Close The Browser</arg>
<doc>Executes all the given keywords in a sequence.</doc>
<kw name="Log Out And Close The Browser" library="resources">
<kw name="Click Element" library="SeleniumLibrary">
<arg>${LOGOUTBUTTON}</arg>
<doc>Click the element identified by ``locator``.</doc>
<msg timestamp="20230830 21:06:41.899" level="INFO">Clicking element 'xpath=//span[contains(text(), 'Sign out') or contains(text(), 'Wyloguj')]'.</msg>
<status status="PASS" starttime="20230830 21:06:41.899" endtime="20230830 21:06:41.929"/>
</kw>
<kw name="Close Browser" library="SeleniumLibrary">
<doc>Closes the current browser.</doc>
<status status="PASS" starttime="20230830 21:06:41.929" endtime="20230830 21:06:42.007"/>
</kw>
<status status="PASS" starttime="20230830 21:06:41.899" endtime="20230830 21:06:42.007"/>
</kw>
<status status="PASS" starttime="20230830 21:06:41.899" endtime="20230830 21:06:42.007"/>
</kw>
<status status="PASS" starttime="20230830 21:06:32.593" endtime="20230830 21:06:42.007"/>
</test>
<doc>Suite description</doc>
<status status="PASS" starttime="20230830 21:06:32.527" endtime="20230830 21:06:42.008"/>
</suite>
<statistics>
<total>
<stat pass="1" fail="0" skip="0">All Tests</stat>
</total>
<tag>
</tag>
<suite>
<stat pass="1" fail="0" skip="0" id="s1" name="Test Add Player Restricted Data Rf">Test Add Player Restricted Data Rf</stat>
</suite>
</statistics>
<errors>
</errors>
</robot>
