<?xml version="1.0" encoding="UTF-8"?>
<robot generator="Robot 5.0.1 (Python 3.11.4 on darwin)" generated="20230726 22:51:45.851" rpa="false" schemaversion="3">
<suite id="s1" name="Test Login To The System Incorrect Pass Rf" source="/Users/martaciesla/PycharmProjects/footballscouts_robotframework/login_to_the_system_incorrect_pass/test_login_to_the_system_incorrect_pass_rf.robot">
<test id="s1-t1" name="Login to the system" line="13">
<kw name="Open login page">
<kw name="Open Browser" library="SeleniumLibrary">
<arg>${LOGIN URL}</arg>
<arg>${BROWSER}</arg>
<doc>Opens a new browser instance to the optional ``url``.</doc>
<msg timestamp="20230726 22:51:45.906" level="INFO">Opening browser 'Chrome' to base url 'https://scouts-test.futbolkolektyw.pl/en'.</msg>
<msg timestamp="20230726 22:51:45.906" level="INFO">Applicable driver not found; attempting to install with Selenium Manager (Beta)</msg>
<status status="PASS" starttime="20230726 22:51:45.906" endtime="20230726 22:51:47.498"/>
</kw>
<status status="PASS" starttime="20230726 22:51:45.905" endtime="20230726 22:51:47.498"/>
</kw>
<kw name="Type in email and password">
<kw name="Input Text" library="SeleniumLibrary">
<arg>${EMAILINPUT}</arg>
<arg>user01@getnada.com</arg>
<doc>Types the given ``text`` into the text field identified by ``locator``.</doc>
<msg timestamp="20230726 22:51:47.498" level="INFO">Typing text 'user01@getnada.com' into text field 'xpath=//*[@id='login']'.</msg>
<status status="PASS" starttime="20230726 22:51:47.498" endtime="20230726 22:51:47.609"/>
</kw>
<kw name="Input Password" library="SeleniumLibrary">
<arg>${PASSWORDINPUT}</arg>
<arg>Pest-123401332ABC</arg>
<doc>Types the given password into the text field identified by ``locator``.</doc>
<msg timestamp="20230726 22:51:47.609" level="INFO">Typing password into text field 'xpath=//*[@id='password']'.</msg>
<msg timestamp="20230726 22:51:47.631" level="INFO">Temporally setting log level to: NONE</msg>
<msg timestamp="20230726 22:51:47.670" level="INFO">Log level changed from NONE to INFO.</msg>
<status status="PASS" starttime="20230726 22:51:47.609" endtime="20230726 22:51:47.670"/>
</kw>
<status status="PASS" starttime="20230726 22:51:47.498" endtime="20230726 22:51:47.670"/>
</kw>
<kw name="Click submit button">
<kw name="Click Button" library="SeleniumLibrary">
<arg>${SIGNINBUTTON}</arg>
<doc>Clicks the button identified by ``locator``.</doc>
<msg timestamp="20230726 22:51:47.671" level="INFO">Clicking button 'xpath=//button[@type='submit']'.</msg>
<status status="PASS" starttime="20230726 22:51:47.670" endtime="20230726 22:51:47.707"/>
</kw>
<status status="PASS" starttime="20230726 22:51:47.670" endtime="20230726 22:51:47.707"/>
</kw>
<kw name="Assert title of page and error presence">
<kw name="Get Title" library="SeleniumLibrary">
<doc>Returns the title of the current page.</doc>
<status status="PASS" starttime="20230726 22:51:47.707" endtime="20230726 22:51:47.710"/>
</kw>
<kw name="Wait Until Element Is Visible" library="SeleniumLibrary">
<arg>${INCORRECTPASSERROR}</arg>
<doc>Waits until the element ``locator`` is visible.</doc>
<status status="PASS" starttime="20230726 22:51:47.711" endtime="20230726 22:51:50.292"/>
</kw>
<kw name="Get Text" library="SeleniumLibrary">
<arg>${INCORRECTPASSERROR}</arg>
<doc>Returns the text value of the element identified by ``locator``.</doc>
<status status="PASS" starttime="20230726 22:51:50.292" endtime="20230726 22:51:50.307"/>
</kw>
<kw name="Title Should Be" library="SeleniumLibrary">
<arg>Scouts panel - sign in</arg>
<doc>Verifies that the current page title equals ``title``.</doc>
<msg timestamp="20230726 22:51:50.309" level="INFO">Page title is 'Scouts panel - sign in'.</msg>
<status status="PASS" starttime="20230726 22:51:50.307" endtime="20230726 22:51:50.309"/>
</kw>
<kw name="Element Text Should Be" library="SeleniumLibrary">
<arg>${INCORRECTPASSERROR}</arg>
<arg>Identifier or password invalid.</arg>
<doc>Verifies that element ``locator`` contains exact the text ``expected``.</doc>
<msg timestamp="20230726 22:51:50.309" level="INFO">Verifying element 'xpath=//div[1]/div[3]/span' contains exact text 'Identifier or password invalid.'.</msg>
<status status="PASS" starttime="20230726 22:51:50.309" endtime="20230726 22:51:50.318"/>
</kw>
<kw name="Capture Page Screenshot" library="SeleniumLibrary">
<arg>alert_login_to_the_system_incorrect_pass.png</arg>
<doc>Takes a screenshot of the current page and embeds it into a log file.</doc>
<msg timestamp="20230726 22:51:50.459" level="INFO" html="true">&lt;/td&gt;&lt;/tr&gt;&lt;tr&gt;&lt;td colspan="3"&gt;&lt;a href="alert_login_to_the_system_incorrect_pass.png"&gt;&lt;img src="alert_login_to_the_system_incorrect_pass.png" width="800px"&gt;&lt;/a&gt;</msg>
<status status="PASS" starttime="20230726 22:51:50.318" endtime="20230726 22:51:50.459"/>
</kw>
<status status="PASS" starttime="20230726 22:51:47.707" endtime="20230726 22:51:50.459"/>
</kw>
<kw name="Close Browser" library="SeleniumLibrary" type="TEARDOWN">
<doc>Closes the current browser.</doc>
<status status="PASS" starttime="20230726 22:51:50.459" endtime="20230726 22:51:50.526"/>
</kw>
<status status="PASS" starttime="20230726 22:51:45.905" endtime="20230726 22:51:50.526"/>
</test>
<doc>Suite description</doc>
<status status="PASS" starttime="20230726 22:51:45.852" endtime="20230726 22:51:50.526"/>
</suite>
<statistics>
<total>
<stat pass="1" fail="0" skip="0">All Tests</stat>
</total>
<tag>
</tag>
<suite>
<stat pass="1" fail="0" skip="0" id="s1" name="Test Login To The System Incorrect Pass Rf">Test Login To The System Incorrect Pass Rf</stat>
</suite>
</statistics>
<errors>
</errors>
</robot>
