<?xml version="1.0" encoding="UTF-8"?>
<robot generator="Robot 5.0.1 (Python 3.11.4 on darwin)" generated="20230830 22:26:46.066" rpa="false" schemaversion="3">
<suite id="s1" name="Test Open Last Created Match Rf" source="/Users/martaciesla/PycharmProjects/robot_framework_football/open_last_created_match/test_open_last_created_match_rf.robot">
<test id="s1-t1" name="Open last created match" line="13">
<kw name="Run Keywords" library="BuiltIn" type="SETUP">
<arg>Login to the system EN</arg>
<doc>Executes all the given keywords in a sequence.</doc>
<kw name="Log in to the system EN" library="resources">
<kw name="Open login page" library="resources">
<kw name="Open Browser" library="SeleniumLibrary">
<arg>${LOGIN URL}</arg>
<arg>${BROWSER}</arg>
<doc>Opens a new browser instance to the optional ``url``.</doc>
<msg timestamp="20230830 22:26:46.122" level="INFO">Opening browser 'Chrome' to base url 'https://dareit.futbolkolektyw.pl/en'.</msg>
<status status="PASS" starttime="20230830 22:26:46.122" endtime="20230830 22:26:47.622"/>
</kw>
<status status="PASS" starttime="20230830 22:26:46.122" endtime="20230830 22:26:47.622"/>
</kw>
<kw name="Type in email" library="resources">
<kw name="Input Text" library="SeleniumLibrary">
<arg>${EMAILINPUT}</arg>
<arg>user01@getnada.com</arg>
<doc>Types the given ``text`` into the text field identified by ``locator``.</doc>
<msg timestamp="20230830 22:26:47.623" level="INFO">Typing text 'user01@getnada.com' into text field 'xpath=//*[@id='login']'.</msg>
<status status="PASS" starttime="20230830 22:26:47.623" endtime="20230830 22:26:47.737"/>
</kw>
<status status="PASS" starttime="20230830 22:26:47.622" endtime="20230830 22:26:47.737"/>
</kw>
<kw name="Type in password" library="resources">
<kw name="Input Password" library="SeleniumLibrary">
<arg>${PASSWORDINPUT}</arg>
<arg>Test-1234</arg>
<doc>Types the given password into the text field identified by ``locator``.</doc>
<msg timestamp="20230830 22:26:47.738" level="INFO">Typing password into text field 'xpath=//*[@id='password']'.</msg>
<msg timestamp="20230830 22:26:47.753" level="INFO">Temporally setting log level to: NONE</msg>
<msg timestamp="20230830 22:26:47.782" level="INFO">Log level changed from NONE to INFO.</msg>
<status status="PASS" starttime="20230830 22:26:47.738" endtime="20230830 22:26:47.782"/>
</kw>
<status status="PASS" starttime="20230830 22:26:47.737" endtime="20230830 22:26:47.782"/>
</kw>
<kw name="Click dropdown menu" library="resources">
<kw name="Click Element" library="SeleniumLibrary">
<arg>${LANGDROPDOWN}</arg>
<doc>Click the element identified by ``locator``.</doc>
<msg timestamp="20230830 22:26:47.783" level="INFO">Clicking element 'xpath=//form//div[2]/div/div'.</msg>
<status status="PASS" starttime="20230830 22:26:47.783" endtime="20230830 22:26:47.807"/>
</kw>
<status status="PASS" starttime="20230830 22:26:47.782" endtime="20230830 22:26:47.807"/>
</kw>
<kw name="Choose English Language" library="resources">
<kw name="Click Element" library="SeleniumLibrary">
<arg>${ENGLISHLOGIN}</arg>
<doc>Click the element identified by ``locator``.</doc>
<msg timestamp="20230830 22:26:47.808" level="INFO">Clicking element 'xpath=//div[3]/ul/li[2]'.</msg>
<status status="PASS" starttime="20230830 22:26:47.808" endtime="20230830 22:26:47.829"/>
</kw>
<status status="PASS" starttime="20230830 22:26:47.807" endtime="20230830 22:26:47.829"/>
</kw>
<kw name="Click log in button" library="resources">
<kw name="Click Button" library="SeleniumLibrary">
<arg>${SIGNINBUTTON}</arg>
<doc>Clicks the button identified by ``locator``.</doc>
<msg timestamp="20230830 22:26:47.829" level="INFO">Clicking button 'xpath=//button[@type='submit']'.</msg>
<status status="PASS" starttime="20230830 22:26:47.829" endtime="20230830 22:26:48.082"/>
</kw>
<status status="PASS" starttime="20230830 22:26:47.829" endtime="20230830 22:26:48.082"/>
</kw>
<kw name="Wait for dashboard to open" library="resources">
<kw name="Wait Until Element Is Visible" library="SeleniumLibrary">
<arg>${ADDPLAYERBUTTON}</arg>
<arg>timeout=20</arg>
<doc>Waits until the element ``locator`` is visible.</doc>
<status status="PASS" starttime="20230830 22:26:48.082" endtime="20230830 22:26:48.096"/>
</kw>
<status status="PASS" starttime="20230830 22:26:48.082" endtime="20230830 22:26:48.096"/>
</kw>
<status status="PASS" starttime="20230830 22:26:46.122" endtime="20230830 22:26:48.096"/>
</kw>
<status status="PASS" starttime="20230830 22:26:46.122" endtime="20230830 22:26:48.096"/>
</kw>
<kw name="Open last created match">
<kw name="Wait Until Element Is Visible" library="SeleniumLibrary">
<arg>${ACTIVITYLASTCREATEDMATCH}</arg>
<arg>timeout=30</arg>
<doc>Waits until the element ``locator`` is visible.</doc>
<status status="PASS" starttime="20230830 22:26:48.097" endtime="20230830 22:26:50.452"/>
</kw>
<kw name="Click Element" library="SeleniumLibrary">
<arg>${ACTIVITYLASTCREATEDMATCH}</arg>
<doc>Click the element identified by ``locator``.</doc>
<msg timestamp="20230830 22:26:50.452" level="INFO">Clicking element 'xpath=//a[3]/button'.</msg>
<status status="PASS" starttime="20230830 22:26:50.452" endtime="20230830 22:26:50.474"/>
</kw>
<status status="PASS" starttime="20230830 22:26:48.096" endtime="20230830 22:26:50.474"/>
</kw>
<kw name="Sleep" library="BuiltIn">
<arg>3s</arg>
<doc>Pauses the test executed for the given time.</doc>
<msg timestamp="20230830 22:26:53.476" level="INFO">Slept 3 seconds</msg>
<status status="PASS" starttime="20230830 22:26:50.474" endtime="20230830 22:26:53.476"/>
</kw>
<kw name="Assert element text">
<kw name="Wait Until Element Is Visible" library="SeleniumLibrary">
<arg>${FORMSUBMITBUTTON}</arg>
<arg>timeout=30</arg>
<doc>Waits until the element ``locator`` is visible.</doc>
<status status="PASS" starttime="20230830 22:26:53.477" endtime="20230830 22:26:53.496"/>
</kw>
<kw name="Get Text" library="SeleniumLibrary">
<arg>${FORMSUBMITBUTTON}</arg>
<doc>Returns the text value of the element identified by ``locator``.</doc>
<status status="PASS" starttime="20230830 22:26:53.497" endtime="20230830 22:26:53.510"/>
</kw>
<kw name="Element Text Should Be" library="SeleniumLibrary">
<arg>${FORMSUBMITBUTTON}</arg>
<arg>SUBMIT</arg>
<doc>Verifies that element ``locator`` contains exact the text ``expected``.</doc>
<msg timestamp="20230830 22:26:53.510" level="INFO">Verifying element 'xpath=//button[@type='submit']/span' contains exact text 'SUBMIT'.</msg>
<status status="PASS" starttime="20230830 22:26:53.510" endtime="20230830 22:26:53.519"/>
</kw>
<kw name="Capture Page Screenshot" library="SeleniumLibrary">
<arg>alert_open_last_created_match.png</arg>
<doc>Takes a screenshot of the current page and embeds it into a log file.</doc>
<msg timestamp="20230830 22:26:53.672" level="INFO" html="true">&lt;/td&gt;&lt;/tr&gt;&lt;tr&gt;&lt;td colspan="3"&gt;&lt;a href="alert_open_last_created_match.png"&gt;&lt;img src="alert_open_last_created_match.png" width="800px"&gt;&lt;/a&gt;</msg>
<status status="PASS" starttime="20230830 22:26:53.519" endtime="20230830 22:26:53.672"/>
</kw>
<status status="PASS" starttime="20230830 22:26:53.476" endtime="20230830 22:26:53.672"/>
</kw>
<kw name="Run Keywords" library="BuiltIn" type="TEARDOWN">
<arg>Log Out And Close The Browser</arg>
<doc>Executes all the given keywords in a sequence.</doc>
<kw name="Log Out And Close The Browser" library="resources">
<kw name="Click Element" library="SeleniumLibrary">
<arg>${LOGOUTBUTTON}</arg>
<doc>Click the element identified by ``locator``.</doc>
<msg timestamp="20230830 22:26:53.672" level="INFO">Clicking element 'xpath=//span[contains(text(), 'Sign out') or contains(text(), 'Wyloguj')]'.</msg>
<msg timestamp="20230830 22:26:53.823" level="INFO" html="true">&lt;/td&gt;&lt;/tr&gt;&lt;tr&gt;&lt;td colspan="3"&gt;&lt;a href="selenium-screenshot-1.png"&gt;&lt;img src="selenium-screenshot-1.png" width="800px"&gt;&lt;/a&gt;</msg>
<msg timestamp="20230830 22:26:53.823" level="FAIL">Element with locator 'xpath=//span[contains(text(), 'Sign out') or contains(text(), 'Wyloguj')]' not found.</msg>
<status status="FAIL" starttime="20230830 22:26:53.672" endtime="20230830 22:26:53.823"/>
</kw>
<kw name="Close Browser" library="SeleniumLibrary">
<doc>Closes the current browser.</doc>
<status status="PASS" starttime="20230830 22:26:53.824" endtime="20230830 22:26:53.894"/>
</kw>
<status status="FAIL" starttime="20230830 22:26:53.672" endtime="20230830 22:26:53.895"/>
</kw>
<status status="FAIL" starttime="20230830 22:26:53.672" endtime="20230830 22:26:53.895">Element with locator 'xpath=//span[contains(text(), 'Sign out') or contains(text(), 'Wyloguj')]' not found.</status>
</kw>
<status status="FAIL" starttime="20230830 22:26:46.121" endtime="20230830 22:26:53.895">Teardown failed:
Element with locator 'xpath=//span[contains(text(), 'Sign out') or contains(text(), 'Wyloguj')]' not found.</status>
</test>
<doc>Suite description</doc>
<status status="FAIL" starttime="20230830 22:26:46.066" endtime="20230830 22:26:53.895"/>
</suite>
<statistics>
<total>
<stat pass="0" fail="1" skip="0">All Tests</stat>
</total>
<tag>
</tag>
<suite>
<stat pass="0" fail="1" skip="0" id="s1" name="Test Open Last Created Match Rf">Test Open Last Created Match Rf</stat>
</suite>
</statistics>
<errors>
</errors>
</robot>
