<?xml version="1.0" encoding="UTF-8"?>
<robot generator="Robot 5.0.1 (Python 3.11.4 on darwin)" generated="20230830 21:22:07.519" rpa="false" schemaversion="3">
<suite id="s1" name="Test Open Last Created Match Rf" source="/Users/martaciesla/PycharmProjects/robot_framework_football/open_last_created_match/test_open_last_created_match_rf.robot">
<test id="s1-t1" name="Open last created match" line="13">
<kw name="Run Keywords" library="BuiltIn" type="SETUP">
<arg>Login to the system EN</arg>
<doc>Executes all the given keywords in a sequence.</doc>
<kw name="Log in to the system EN" library="resources">
<kw name="Open login page" library="resources">
<kw name="Open Browser" library="SeleniumLibrary">
<arg>${LOGIN URL}</arg>
<arg>${BROWSER}</arg>
<doc>Opens a new browser instance to the optional ``url``.</doc>
<msg timestamp="20230830 21:22:07.579" level="INFO">Opening browser 'Chrome' to base url 'https://scouts-test.futbolkolektyw.pl/en'.</msg>
<status status="PASS" starttime="20230830 21:22:07.579" endtime="20230830 21:22:09.072"/>
</kw>
<status status="PASS" starttime="20230830 21:22:07.579" endtime="20230830 21:22:09.072"/>
</kw>
<kw name="Type in email" library="resources">
<kw name="Input Text" library="SeleniumLibrary">
<arg>${EMAILINPUT}</arg>
<arg>user01@getnada.com</arg>
<doc>Types the given ``text`` into the text field identified by ``locator``.</doc>
<msg timestamp="20230830 21:22:09.073" level="INFO">Typing text 'user01@getnada.com' into text field 'xpath=//*[@id='login']'.</msg>
<status status="PASS" starttime="20230830 21:22:09.072" endtime="20230830 21:22:09.190"/>
</kw>
<status status="PASS" starttime="20230830 21:22:09.072" endtime="20230830 21:22:09.190"/>
</kw>
<kw name="Type in password" library="resources">
<kw name="Input Password" library="SeleniumLibrary">
<arg>${PASSWORDINPUT}</arg>
<arg>Test-1234</arg>
<doc>Types the given password into the text field identified by ``locator``.</doc>
<msg timestamp="20230830 21:22:09.190" level="INFO">Typing password into text field 'xpath=//*[@id='password']'.</msg>
<msg timestamp="20230830 21:22:09.206" level="INFO">Temporally setting log level to: NONE</msg>
<msg timestamp="20230830 21:22:09.235" level="INFO">Log level changed from NONE to INFO.</msg>
<status status="PASS" starttime="20230830 21:22:09.190" endtime="20230830 21:22:09.235"/>
</kw>
<status status="PASS" starttime="20230830 21:22:09.190" endtime="20230830 21:22:09.235"/>
</kw>
<kw name="Click dropdown menu" library="resources">
<kw name="Click Element" library="SeleniumLibrary">
<arg>${LANGDROPDOWN}</arg>
<doc>Click the element identified by ``locator``.</doc>
<msg timestamp="20230830 21:22:09.235" level="INFO">Clicking element 'xpath=//form//div[2]/div/div'.</msg>
<status status="PASS" starttime="20230830 21:22:09.235" endtime="20230830 21:22:09.260"/>
</kw>
<status status="PASS" starttime="20230830 21:22:09.235" endtime="20230830 21:22:09.261"/>
</kw>
<kw name="Choose English Language" library="resources">
<kw name="Click Element" library="SeleniumLibrary">
<arg>${ENGLISHLOGIN}</arg>
<doc>Click the element identified by ``locator``.</doc>
<msg timestamp="20230830 21:22:09.261" level="INFO">Clicking element 'xpath=//div[3]/ul/li[2]'.</msg>
<status status="PASS" starttime="20230830 21:22:09.261" endtime="20230830 21:22:09.284"/>
</kw>
<status status="PASS" starttime="20230830 21:22:09.261" endtime="20230830 21:22:09.284"/>
</kw>
<kw name="Click log in button" library="resources">
<kw name="Click Button" library="SeleniumLibrary">
<arg>${SIGNINBUTTON}</arg>
<doc>Clicks the button identified by ``locator``.</doc>
<msg timestamp="20230830 21:22:09.284" level="INFO">Clicking button 'xpath=//button[@type='submit']'.</msg>
<status status="PASS" starttime="20230830 21:22:09.284" endtime="20230830 21:22:09.547"/>
</kw>
<status status="PASS" starttime="20230830 21:22:09.284" endtime="20230830 21:22:09.547"/>
</kw>
<kw name="Wait for dashboard to open" library="resources">
<kw name="Wait Until Element Is Visible" library="SeleniumLibrary">
<arg>${ADDPLAYERBUTTON}</arg>
<arg>timeout=20</arg>
<doc>Waits until the element ``locator`` is visible.</doc>
<status status="PASS" starttime="20230830 21:22:09.547" endtime="20230830 21:22:09.562"/>
</kw>
<status status="PASS" starttime="20230830 21:22:09.547" endtime="20230830 21:22:09.562"/>
</kw>
<status status="PASS" starttime="20230830 21:22:07.579" endtime="20230830 21:22:09.562"/>
</kw>
<status status="PASS" starttime="20230830 21:22:07.578" endtime="20230830 21:22:09.562"/>
</kw>
<kw name="Open last created match">
<kw name="Wait Until Element Is Visible" library="SeleniumLibrary">
<arg>${ACTIVITYLASTCREATEDMATCH}</arg>
<arg>timeout=30</arg>
<doc>Waits until the element ``locator`` is visible.</doc>
<status status="PASS" starttime="20230830 21:22:09.562" endtime="20230830 21:22:12.143"/>
</kw>
<kw name="Click Element" library="SeleniumLibrary">
<arg>${ACTIVITYLASTCREATEDMATCH}</arg>
<doc>Click the element identified by ``locator``.</doc>
<msg timestamp="20230830 21:22:12.143" level="INFO">Clicking element 'xpath=//a[3]/button'.</msg>
<status status="PASS" starttime="20230830 21:22:12.143" endtime="20230830 21:22:12.163"/>
</kw>
<status status="PASS" starttime="20230830 21:22:09.562" endtime="20230830 21:22:12.163"/>
</kw>
<kw name="Sleep" library="BuiltIn">
<arg>3s</arg>
<doc>Pauses the test executed for the given time.</doc>
<msg timestamp="20230830 21:22:15.165" level="INFO">Slept 3 seconds</msg>
<status status="PASS" starttime="20230830 21:22:12.163" endtime="20230830 21:22:15.165"/>
</kw>
<kw name="Assert element text">
<kw name="Wait Until Element Is Visible" library="SeleniumLibrary">
<arg>${FORMSUBMITBUTTON}</arg>
<arg>timeout=30</arg>
<doc>Waits until the element ``locator`` is visible.</doc>
<status status="PASS" starttime="20230830 21:22:15.167" endtime="20230830 21:22:15.191"/>
</kw>
<kw name="Get Text" library="SeleniumLibrary">
<arg>${FORMSUBMITBUTTON}</arg>
<doc>Returns the text value of the element identified by ``locator``.</doc>
<status status="PASS" starttime="20230830 21:22:15.191" endtime="20230830 21:22:15.208"/>
</kw>
<kw name="Element Text Should Be" library="SeleniumLibrary">
<arg>${FORMSUBMITBUTTON}</arg>
<arg>SUBMIT</arg>
<doc>Verifies that element ``locator`` contains exact the text ``expected``.</doc>
<msg timestamp="20230830 21:22:15.208" level="INFO">Verifying element 'xpath=//button[@type='submit']/span' contains exact text 'SUBMIT'.</msg>
<status status="PASS" starttime="20230830 21:22:15.208" endtime="20230830 21:22:15.217"/>
</kw>
<kw name="Capture Page Screenshot" library="SeleniumLibrary">
<arg>alert_open_last_created_match.png</arg>
<doc>Takes a screenshot of the current page and embeds it into a log file.</doc>
<msg timestamp="20230830 21:22:15.375" level="INFO" html="true">&lt;/td&gt;&lt;/tr&gt;&lt;tr&gt;&lt;td colspan="3"&gt;&lt;a href="alert_open_last_created_match.png"&gt;&lt;img src="alert_open_last_created_match.png" width="800px"&gt;&lt;/a&gt;</msg>
<status status="PASS" starttime="20230830 21:22:15.217" endtime="20230830 21:22:15.375"/>
</kw>
<status status="PASS" starttime="20230830 21:22:15.166" endtime="20230830 21:22:15.375"/>
</kw>
<kw name="Run Keywords" library="BuiltIn" type="TEARDOWN">
<arg>Log Out And Close The Browser</arg>
<doc>Executes all the given keywords in a sequence.</doc>
<kw name="Log Out And Close The Browser" library="resources">
<kw name="Click Element" library="SeleniumLibrary">
<arg>${LOGOUTBUTTON}</arg>
<doc>Click the element identified by ``locator``.</doc>
<msg timestamp="20230830 21:22:15.375" level="INFO">Clicking element 'xpath=//span[contains(text(), 'Sign out') or contains(text(), 'Wyloguj')]'.</msg>
<status status="PASS" starttime="20230830 21:22:15.375" endtime="20230830 21:22:15.401"/>
</kw>
<kw name="Close Browser" library="SeleniumLibrary">
<doc>Closes the current browser.</doc>
<status status="PASS" starttime="20230830 21:22:15.401" endtime="20230830 21:22:15.474"/>
</kw>
<status status="PASS" starttime="20230830 21:22:15.375" endtime="20230830 21:22:15.474"/>
</kw>
<status status="PASS" starttime="20230830 21:22:15.375" endtime="20230830 21:22:15.474"/>
</kw>
<status status="PASS" starttime="20230830 21:22:07.578" endtime="20230830 21:22:15.474"/>
</test>
<doc>Suite description</doc>
<status status="PASS" starttime="20230830 21:22:07.520" endtime="20230830 21:22:15.474"/>
</suite>
<statistics>
<total>
<stat pass="1" fail="0" skip="0">All Tests</stat>
</total>
<tag>
</tag>
<suite>
<stat pass="1" fail="0" skip="0" id="s1" name="Test Open Last Created Match Rf">Test Open Last Created Match Rf</stat>
</suite>
</statistics>
<errors>
</errors>
</robot>
