<?xml version="1.0" encoding="UTF-8"?>
<robot generator="Robot 5.0.1 (Python 3.11.4 on darwin)" generated="20230830 11:50:07.544" rpa="false" schemaversion="3">
<suite id="s1" name="Test Matches Per Player List Pl Lang Switch" source="/Users/martaciesla/PycharmProjects/robot_framework_football/matches_per_player_list_lang_switch/test_matches_per_player_list_pl_lang_switch.robot">
<test id="s1-t1" name="Language switch of matches per player page" line="16">
<kw name="Run Keywords" library="BuiltIn" type="SETUP">
<arg>Log in to the system PL</arg>
<doc>Executes all the given keywords in a sequence.</doc>
<kw name="Log in to the system PL" library="resources">
<kw name="Open login page" library="resources">
<kw name="Open Browser" library="SeleniumLibrary">
<arg>${LOGIN URL}</arg>
<arg>${BROWSER}</arg>
<doc>Opens a new browser instance to the optional ``url``.</doc>
<msg timestamp="20230830 11:50:07.604" level="INFO">Opening browser 'Chrome' to base url 'https://scouts-test.futbolkolektyw.pl/en'.</msg>
<status status="PASS" starttime="20230830 11:50:07.604" endtime="20230830 11:50:09.079"/>
</kw>
<status status="PASS" starttime="20230830 11:50:07.604" endtime="20230830 11:50:09.080"/>
</kw>
<kw name="Type in email" library="resources">
<kw name="Input Text" library="SeleniumLibrary">
<arg>${EMAILINPUT}</arg>
<arg>user01@getnada.com</arg>
<doc>Types the given ``text`` into the text field identified by ``locator``.</doc>
<msg timestamp="20230830 11:50:09.080" level="INFO">Typing text 'user01@getnada.com' into text field 'xpath=//*[@id='login']'.</msg>
<status status="PASS" starttime="20230830 11:50:09.080" endtime="20230830 11:50:09.188"/>
</kw>
<status status="PASS" starttime="20230830 11:50:09.080" endtime="20230830 11:50:09.188"/>
</kw>
<kw name="Type in password" library="resources">
<kw name="Input Password" library="SeleniumLibrary">
<arg>${PASSWORDINPUT}</arg>
<arg>Test-1234</arg>
<doc>Types the given password into the text field identified by ``locator``.</doc>
<msg timestamp="20230830 11:50:09.188" level="INFO">Typing password into text field 'xpath=//*[@id='password']'.</msg>
<msg timestamp="20230830 11:50:09.204" level="INFO">Temporally setting log level to: NONE</msg>
<msg timestamp="20230830 11:50:09.235" level="INFO">Log level changed from NONE to INFO.</msg>
<status status="PASS" starttime="20230830 11:50:09.188" endtime="20230830 11:50:09.235"/>
</kw>
<status status="PASS" starttime="20230830 11:50:09.188" endtime="20230830 11:50:09.235"/>
</kw>
<kw name="Click dropdown menu" library="resources">
<kw name="Click Element" library="SeleniumLibrary">
<arg>${LANGDROPDOWN}</arg>
<doc>Click the element identified by ``locator``.</doc>
<msg timestamp="20230830 11:50:09.235" level="INFO">Clicking element 'xpath=//form//div[2]/div/div'.</msg>
<status status="PASS" starttime="20230830 11:50:09.235" endtime="20230830 11:50:09.263"/>
</kw>
<status status="PASS" starttime="20230830 11:50:09.235" endtime="20230830 11:50:09.263"/>
</kw>
<kw name="Choose Polish Language" library="resources">
<kw name="Click Element" library="SeleniumLibrary">
<arg>${POLISHLOGIN}</arg>
<doc>Click the element identified by ``locator``.</doc>
<msg timestamp="20230830 11:50:09.263" level="INFO">Clicking element 'xpath=//div[3]/ul/li[1]'.</msg>
<status status="PASS" starttime="20230830 11:50:09.263" endtime="20230830 11:50:09.292"/>
</kw>
<status status="PASS" starttime="20230830 11:50:09.263" endtime="20230830 11:50:09.292"/>
</kw>
<kw name="Click log in button" library="resources">
<kw name="Click Button" library="SeleniumLibrary">
<arg>${SIGNINBUTTON}</arg>
<doc>Clicks the button identified by ``locator``.</doc>
<msg timestamp="20230830 11:50:09.292" level="INFO">Clicking button 'xpath=//button[@type='submit']'.</msg>
<status status="PASS" starttime="20230830 11:50:09.292" endtime="20230830 11:50:09.560"/>
</kw>
<status status="PASS" starttime="20230830 11:50:09.292" endtime="20230830 11:50:09.560"/>
</kw>
<kw name="Wait for dashboard to open" library="resources">
<kw name="Wait Until Element Is Visible" library="SeleniumLibrary">
<arg>${ADDPLAYERBUTTON}</arg>
<arg>timeout=20</arg>
<doc>Waits until the element ``locator`` is visible.</doc>
<status status="PASS" starttime="20230830 11:50:09.560" endtime="20230830 11:50:09.578"/>
</kw>
<status status="PASS" starttime="20230830 11:50:09.560" endtime="20230830 11:50:09.578"/>
</kw>
<status status="PASS" starttime="20230830 11:50:07.604" endtime="20230830 11:50:09.578"/>
</kw>
<status status="PASS" starttime="20230830 11:50:07.604" endtime="20230830 11:50:09.578"/>
</kw>
<kw name="Path to matches of player">
<kw name="Wait Until Element Is Visible" library="SeleniumLibrary">
<arg>${PLAYERSBUTTON}</arg>
<arg>timeout=30</arg>
<doc>Waits until the element ``locator`` is visible.</doc>
<status status="PASS" starttime="20230830 11:50:09.578" endtime="20230830 11:50:11.951"/>
</kw>
<kw name="Click Element" library="SeleniumLibrary">
<arg>${PLAYERSBUTTON}</arg>
<doc>Click the element identified by ``locator``.</doc>
<msg timestamp="20230830 11:50:11.951" level="INFO">Clicking element 'xpath=//ul[1]/div[2]'.</msg>
<status status="PASS" starttime="20230830 11:50:11.951" endtime="20230830 11:50:11.976"/>
</kw>
<kw name="Wait Until Element Is Visible" library="SeleniumLibrary">
<arg>${EDITFIRSTENTRYINTABLE}</arg>
<arg>timeout=30</arg>
<doc>Waits until the element ``locator`` is visible.</doc>
<status status="PASS" starttime="20230830 11:50:11.976" endtime="20230830 11:50:12.842"/>
</kw>
<kw name="Click Element" library="SeleniumLibrary">
<arg>${EDITFIRSTENTRYINTABLE}</arg>
<doc>Click the element identified by ``locator``.</doc>
<msg timestamp="20230830 11:50:12.842" level="INFO">Clicking element 'xpath=//td[1]'.</msg>
<status status="PASS" starttime="20230830 11:50:12.842" endtime="20230830 11:50:13.379"/>
</kw>
<kw name="Wait Until Element Is Visible" library="SeleniumLibrary">
<arg>${MENUMATCHES}</arg>
<arg>timeout=30</arg>
<doc>Waits until the element ``locator`` is visible.</doc>
<status status="PASS" starttime="20230830 11:50:13.379" endtime="20230830 11:50:13.389"/>
</kw>
<kw name="Click Element" library="SeleniumLibrary">
<arg>${MENUMATCHES}</arg>
<doc>Click the element identified by ``locator``.</doc>
<msg timestamp="20230830 11:50:13.389" level="INFO">Clicking element 'xpath=//div[1]//ul[2]/div[2]'.</msg>
<status status="PASS" starttime="20230830 11:50:13.389" endtime="20230830 11:50:13.407"/>
</kw>
<kw name="Wait Until Element Is Visible" library="SeleniumLibrary">
<arg>${EDITFIRSTMATCHINTABLE}</arg>
<arg>timeout=30</arg>
<doc>Waits until the element ``locator`` is visible.</doc>
<status status="PASS" starttime="20230830 11:50:13.407" endtime="20230830 11:50:14.289"/>
</kw>
<status status="PASS" starttime="20230830 11:50:09.578" endtime="20230830 11:50:14.289"/>
</kw>
<kw name="Manually Change Language">
<kw name="Click Element" library="SeleniumLibrary">
<arg>${LANGUAGECHANGEBUTTON}</arg>
<doc>Click the element identified by ``locator``.</doc>
<msg timestamp="20230830 11:50:14.290" level="INFO">Clicking element 'xpath=//div[div[span[contains(text(), 'English') or contains(text(), 'Polski')]]]'.</msg>
<status status="PASS" starttime="20230830 11:50:14.290" endtime="20230830 11:50:14.311"/>
</kw>
<kw name="Wait Until Element Is Visible" library="SeleniumLibrary">
<arg>${EDITFIRSTMATCHINTABLE}</arg>
<arg>timeout=30</arg>
<doc>Waits until the element ``locator`` is visible.</doc>
<status status="PASS" starttime="20230830 11:50:14.311" endtime="20230830 11:50:14.319"/>
</kw>
<status status="PASS" starttime="20230830 11:50:14.289" endtime="20230830 11:50:14.319"/>
</kw>
<kw name="Assert page redirect">
<kw name="Wait Until Location Contains" library="SeleniumLibrary">
<arg>en/players</arg>
<doc>Waits until the current URL contains ``expected``.</doc>
<status status="PASS" starttime="20230830 11:50:14.319" endtime="20230830 11:50:15.169"/>
</kw>
<kw name="Page Should Contain" library="SeleniumLibrary">
<arg>Polski</arg>
<doc>Verifies that current page contains ``text``.</doc>
<msg timestamp="20230830 11:50:15.178" level="INFO">Current page contains text 'Polski'.</msg>
<status status="PASS" starttime="20230830 11:50:15.169" endtime="20230830 11:50:15.178"/>
</kw>
<kw name="Capture Page Screenshot" library="SeleniumLibrary">
<arg>alert_matches_per_player_list_lang_switch.png</arg>
<doc>Takes a screenshot of the current page and embeds it into a log file.</doc>
<msg timestamp="20230830 11:50:15.328" level="INFO" html="true">&lt;/td&gt;&lt;/tr&gt;&lt;tr&gt;&lt;td colspan="3"&gt;&lt;a href="alert_matches_per_player_list_lang_switch.png"&gt;&lt;img src="alert_matches_per_player_list_lang_switch.png" width="800px"&gt;&lt;/a&gt;</msg>
<status status="PASS" starttime="20230830 11:50:15.178" endtime="20230830 11:50:15.328"/>
</kw>
<status status="PASS" starttime="20230830 11:50:14.319" endtime="20230830 11:50:15.328"/>
</kw>
<kw name="Run Keywords" library="BuiltIn" type="TEARDOWN">
<arg>Log Out And Close The Browser</arg>
<doc>Executes all the given keywords in a sequence.</doc>
<kw name="Log Out And Close The Browser" library="resources">
<kw name="Click Element" library="SeleniumLibrary">
<arg>${LOGOUTBUTTON}</arg>
<doc>Click the element identified by ``locator``.</doc>
<msg timestamp="20230830 11:50:15.329" level="INFO">Clicking element 'xpath=//span[contains(text(), 'Sign out') or contains(text(), 'Wyloguj')]'.</msg>
<status status="PASS" starttime="20230830 11:50:15.329" endtime="20230830 11:50:15.352"/>
</kw>
<kw name="Close Browser" library="SeleniumLibrary">
<doc>Closes the current browser.</doc>
<status status="PASS" starttime="20230830 11:50:15.352" endtime="20230830 11:50:15.423"/>
</kw>
<status status="PASS" starttime="20230830 11:50:15.328" endtime="20230830 11:50:15.423"/>
</kw>
<status status="PASS" starttime="20230830 11:50:15.328" endtime="20230830 11:50:15.423"/>
</kw>
<status status="PASS" starttime="20230830 11:50:07.604" endtime="20230830 11:50:15.423"/>
</test>
<doc>Suite description</doc>
<status status="PASS" starttime="20230830 11:50:07.544" endtime="20230830 11:50:15.424"/>
</suite>
<statistics>
<total>
<stat pass="1" fail="0" skip="0">All Tests</stat>
</total>
<tag>
</tag>
<suite>
<stat pass="1" fail="0" skip="0" id="s1" name="Test Matches Per Player List Pl Lang Switch">Test Matches Per Player List Pl Lang Switch</stat>
</suite>
</statistics>
<errors>
</errors>
</robot>
