<?xml version="1.0" encoding="UTF-8"?>
<robot generator="Robot 5.0.1 (Python 3.11.4 on darwin)" generated="20230830 22:26:00.774" rpa="false" schemaversion="3">
<suite id="s1" name="Test Matches Per Player List Pl Lang Switch" source="/Users/martaciesla/PycharmProjects/robot_framework_football/matches_per_player_list_lang_switch/test_matches_per_player_list_pl_lang_switch.robot">
<test id="s1-t1" name="Language switch of matches per player page" line="16">
<kw name="Run Keywords" library="BuiltIn" type="SETUP">
<arg>Log in to the system PL</arg>
<doc>Executes all the given keywords in a sequence.</doc>
<kw name="Log in to the system PL" library="resources">
<kw name="Open login page" library="resources">
<kw name="Open Browser" library="SeleniumLibrary">
<arg>${LOGIN URL}</arg>
<arg>${BROWSER}</arg>
<doc>Opens a new browser instance to the optional ``url``.</doc>
<msg timestamp="20230830 22:26:00.833" level="INFO">Opening browser 'Chrome' to base url 'https://dareit.futbolkolektyw.pl/en'.</msg>
<status status="PASS" starttime="20230830 22:26:00.833" endtime="20230830 22:26:02.315"/>
</kw>
<status status="PASS" starttime="20230830 22:26:00.833" endtime="20230830 22:26:02.315"/>
</kw>
<kw name="Type in email" library="resources">
<kw name="Input Text" library="SeleniumLibrary">
<arg>${EMAILINPUT}</arg>
<arg>user01@getnada.com</arg>
<doc>Types the given ``text`` into the text field identified by ``locator``.</doc>
<msg timestamp="20230830 22:26:02.315" level="INFO">Typing text 'user01@getnada.com' into text field 'xpath=//*[@id='login']'.</msg>
<status status="PASS" starttime="20230830 22:26:02.315" endtime="20230830 22:26:02.431"/>
</kw>
<status status="PASS" starttime="20230830 22:26:02.315" endtime="20230830 22:26:02.431"/>
</kw>
<kw name="Type in password" library="resources">
<kw name="Input Password" library="SeleniumLibrary">
<arg>${PASSWORDINPUT}</arg>
<arg>Test-1234</arg>
<doc>Types the given password into the text field identified by ``locator``.</doc>
<msg timestamp="20230830 22:26:02.432" level="INFO">Typing password into text field 'xpath=//*[@id='password']'.</msg>
<msg timestamp="20230830 22:26:02.447" level="INFO">Temporally setting log level to: NONE</msg>
<msg timestamp="20230830 22:26:02.480" level="INFO">Log level changed from NONE to INFO.</msg>
<status status="PASS" starttime="20230830 22:26:02.432" endtime="20230830 22:26:02.480"/>
</kw>
<status status="PASS" starttime="20230830 22:26:02.432" endtime="20230830 22:26:02.480"/>
</kw>
<kw name="Click dropdown menu" library="resources">
<kw name="Click Element" library="SeleniumLibrary">
<arg>${LANGDROPDOWN}</arg>
<doc>Click the element identified by ``locator``.</doc>
<msg timestamp="20230830 22:26:02.480" level="INFO">Clicking element 'xpath=//form//div[2]/div/div'.</msg>
<status status="PASS" starttime="20230830 22:26:02.480" endtime="20230830 22:26:02.506"/>
</kw>
<status status="PASS" starttime="20230830 22:26:02.480" endtime="20230830 22:26:02.506"/>
</kw>
<kw name="Choose Polish Language" library="resources">
<kw name="Click Element" library="SeleniumLibrary">
<arg>${POLISHLOGIN}</arg>
<doc>Click the element identified by ``locator``.</doc>
<msg timestamp="20230830 22:26:02.506" level="INFO">Clicking element 'xpath=//div[3]/ul/li[1]'.</msg>
<status status="PASS" starttime="20230830 22:26:02.506" endtime="20230830 22:26:02.535"/>
</kw>
<status status="PASS" starttime="20230830 22:26:02.506" endtime="20230830 22:26:02.535"/>
</kw>
<kw name="Click log in button" library="resources">
<kw name="Click Button" library="SeleniumLibrary">
<arg>${SIGNINBUTTON}</arg>
<doc>Clicks the button identified by ``locator``.</doc>
<msg timestamp="20230830 22:26:02.536" level="INFO">Clicking button 'xpath=//button[@type='submit']'.</msg>
<status status="PASS" starttime="20230830 22:26:02.536" endtime="20230830 22:26:02.797"/>
</kw>
<status status="PASS" starttime="20230830 22:26:02.535" endtime="20230830 22:26:02.797"/>
</kw>
<kw name="Wait for dashboard to open" library="resources">
<kw name="Wait Until Element Is Visible" library="SeleniumLibrary">
<arg>${ADDPLAYERBUTTON}</arg>
<arg>timeout=20</arg>
<doc>Waits until the element ``locator`` is visible.</doc>
<status status="PASS" starttime="20230830 22:26:02.798" endtime="20230830 22:26:02.813"/>
</kw>
<status status="PASS" starttime="20230830 22:26:02.797" endtime="20230830 22:26:02.813"/>
</kw>
<status status="PASS" starttime="20230830 22:26:00.833" endtime="20230830 22:26:02.813"/>
</kw>
<status status="PASS" starttime="20230830 22:26:00.833" endtime="20230830 22:26:02.813"/>
</kw>
<kw name="Path to matches of player">
<kw name="Wait Until Element Is Visible" library="SeleniumLibrary">
<arg>${PLAYERSBUTTON}</arg>
<arg>timeout=30</arg>
<doc>Waits until the element ``locator`` is visible.</doc>
<status status="PASS" starttime="20230830 22:26:02.813" endtime="20230830 22:26:05.597"/>
</kw>
<kw name="Click Element" library="SeleniumLibrary">
<arg>${PLAYERSBUTTON}</arg>
<doc>Click the element identified by ``locator``.</doc>
<msg timestamp="20230830 22:26:05.597" level="INFO">Clicking element 'xpath=//ul[1]/div[2]'.</msg>
<status status="PASS" starttime="20230830 22:26:05.597" endtime="20230830 22:26:05.623"/>
</kw>
<kw name="Wait Until Element Is Visible" library="SeleniumLibrary">
<arg>${EDITFIRSTENTRYINTABLE}</arg>
<arg>timeout=30</arg>
<doc>Waits until the element ``locator`` is visible.</doc>
<status status="PASS" starttime="20230830 22:26:05.623" endtime="20230830 22:26:06.483"/>
</kw>
<kw name="Click Element" library="SeleniumLibrary">
<arg>${EDITFIRSTENTRYINTABLE}</arg>
<doc>Click the element identified by ``locator``.</doc>
<msg timestamp="20230830 22:26:06.483" level="INFO">Clicking element 'xpath=//td[1]'.</msg>
<status status="PASS" starttime="20230830 22:26:06.483" endtime="20230830 22:26:07.195"/>
</kw>
<kw name="Wait Until Element Is Visible" library="SeleniumLibrary">
<arg>${MENUMATCHES}</arg>
<arg>timeout=30</arg>
<doc>Waits until the element ``locator`` is visible.</doc>
<status status="PASS" starttime="20230830 22:26:07.195" endtime="20230830 22:26:07.204"/>
</kw>
<kw name="Click Element" library="SeleniumLibrary">
<arg>${MENUMATCHES}</arg>
<doc>Click the element identified by ``locator``.</doc>
<msg timestamp="20230830 22:26:07.204" level="INFO">Clicking element 'xpath=//div[1]//ul[2]/div[2]'.</msg>
<status status="PASS" starttime="20230830 22:26:07.204" endtime="20230830 22:26:07.222"/>
</kw>
<kw name="Wait Until Element Is Visible" library="SeleniumLibrary">
<arg>${EDITFIRSTMATCHINTABLE}</arg>
<arg>timeout=30</arg>
<doc>Waits until the element ``locator`` is visible.</doc>
<status status="PASS" starttime="20230830 22:26:07.222" endtime="20230830 22:26:08.090"/>
</kw>
<status status="PASS" starttime="20230830 22:26:02.813" endtime="20230830 22:26:08.090"/>
</kw>
<kw name="Manually Change Language">
<kw name="Click Element" library="SeleniumLibrary">
<arg>${LANGUAGECHANGEBUTTON}</arg>
<doc>Click the element identified by ``locator``.</doc>
<msg timestamp="20230830 22:26:08.090" level="INFO">Clicking element 'xpath=//div[div[span[contains(text(), 'English') or contains(text(), 'Polski')]]]'.</msg>
<status status="PASS" starttime="20230830 22:26:08.090" endtime="20230830 22:26:08.115"/>
</kw>
<kw name="Wait Until Element Is Visible" library="SeleniumLibrary">
<arg>${EDITFIRSTMATCHINTABLE}</arg>
<arg>timeout=30</arg>
<doc>Waits until the element ``locator`` is visible.</doc>
<status status="PASS" starttime="20230830 22:26:08.115" endtime="20230830 22:26:08.123"/>
</kw>
<status status="PASS" starttime="20230830 22:26:08.090" endtime="20230830 22:26:08.123"/>
</kw>
<kw name="Assert page redirect">
<kw name="Wait Until Location Contains" library="SeleniumLibrary">
<arg>en/players</arg>
<doc>Waits until the current URL contains ``expected``.</doc>
<status status="PASS" starttime="20230830 22:26:08.123" endtime="20230830 22:26:08.996"/>
</kw>
<kw name="Page Should Contain" library="SeleniumLibrary">
<arg>Polski</arg>
<doc>Verifies that current page contains ``text``.</doc>
<msg timestamp="20230830 22:26:09.006" level="INFO">Current page contains text 'Polski'.</msg>
<status status="PASS" starttime="20230830 22:26:08.997" endtime="20230830 22:26:09.006"/>
</kw>
<kw name="Capture Page Screenshot" library="SeleniumLibrary">
<arg>download_players_file.png</arg>
<doc>Takes a screenshot of the current page and embeds it into a log file.</doc>
<msg timestamp="20230830 22:26:09.150" level="INFO" html="true">&lt;/td&gt;&lt;/tr&gt;&lt;tr&gt;&lt;td colspan="3"&gt;&lt;a href="download_players_file.png"&gt;&lt;img src="download_players_file.png" width="800px"&gt;&lt;/a&gt;</msg>
<status status="PASS" starttime="20230830 22:26:09.006" endtime="20230830 22:26:09.150"/>
</kw>
<status status="PASS" starttime="20230830 22:26:08.123" endtime="20230830 22:26:09.150"/>
</kw>
<kw name="Run Keywords" library="BuiltIn" type="TEARDOWN">
<arg>Log Out And Close The Browser</arg>
<doc>Executes all the given keywords in a sequence.</doc>
<kw name="Log Out And Close The Browser" library="resources">
<kw name="Click Element" library="SeleniumLibrary">
<arg>${LOGOUTBUTTON}</arg>
<doc>Click the element identified by ``locator``.</doc>
<msg timestamp="20230830 22:26:09.151" level="INFO">Clicking element 'xpath=//span[contains(text(), 'Sign out') or contains(text(), 'Wyloguj')]'.</msg>
<msg timestamp="20230830 22:26:09.305" level="INFO" html="true">&lt;/td&gt;&lt;/tr&gt;&lt;tr&gt;&lt;td colspan="3"&gt;&lt;a href="selenium-screenshot-1.png"&gt;&lt;img src="selenium-screenshot-1.png" width="800px"&gt;&lt;/a&gt;</msg>
<msg timestamp="20230830 22:26:09.305" level="FAIL">Element with locator 'xpath=//span[contains(text(), 'Sign out') or contains(text(), 'Wyloguj')]' not found.</msg>
<status status="FAIL" starttime="20230830 22:26:09.151" endtime="20230830 22:26:09.306"/>
</kw>
<kw name="Close Browser" library="SeleniumLibrary">
<doc>Closes the current browser.</doc>
<status status="PASS" starttime="20230830 22:26:09.306" endtime="20230830 22:26:09.380"/>
</kw>
<status status="FAIL" starttime="20230830 22:26:09.151" endtime="20230830 22:26:09.380"/>
</kw>
<status status="FAIL" starttime="20230830 22:26:09.151" endtime="20230830 22:26:09.380">Element with locator 'xpath=//span[contains(text(), 'Sign out') or contains(text(), 'Wyloguj')]' not found.</status>
</kw>
<status status="FAIL" starttime="20230830 22:26:00.833" endtime="20230830 22:26:09.380">Teardown failed:
Element with locator 'xpath=//span[contains(text(), 'Sign out') or contains(text(), 'Wyloguj')]' not found.</status>
</test>
<doc>Suite description</doc>
<status status="FAIL" starttime="20230830 22:26:00.775" endtime="20230830 22:26:09.381"/>
</suite>
<statistics>
<total>
<stat pass="0" fail="1" skip="0">All Tests</stat>
</total>
<tag>
</tag>
<suite>
<stat pass="0" fail="1" skip="0" id="s1" name="Test Matches Per Player List Pl Lang Switch">Test Matches Per Player List Pl Lang Switch</stat>
</suite>
</statistics>
<errors>
</errors>
</robot>
