<?xml version="1.0" encoding="UTF-8"?>
<robot generator="Robot 5.0.1 (Python 3.11.4 on darwin)" generated="20230830 21:35:40.155" rpa="false" schemaversion="3">
<suite id="s1" name="Test Download Players File Rf" source="/Users/martaciesla/PycharmProjects/robot_framework_football/players_file_download/test_download_players_file_rf.robot">
<test id="s1-t1" name="Download CSV file of all players stored" line="16">
<kw name="Run Keywords" library="BuiltIn" type="SETUP">
<arg>Login to the system EN</arg>
<doc>Executes all the given keywords in a sequence.</doc>
<kw name="Log in to the system EN" library="resources">
<kw name="Open login page" library="resources">
<kw name="Open Browser" library="SeleniumLibrary">
<arg>${LOGIN URL}</arg>
<arg>${BROWSER}</arg>
<doc>Opens a new browser instance to the optional ``url``.</doc>
<msg timestamp="20230830 21:35:40.214" level="INFO">Opening browser 'Chrome' to base url 'https://scouts-test.futbolkolektyw.pl/en'.</msg>
<status status="PASS" starttime="20230830 21:35:40.214" endtime="20230830 21:35:41.862"/>
</kw>
<status status="PASS" starttime="20230830 21:35:40.214" endtime="20230830 21:35:41.862"/>
</kw>
<kw name="Type in email" library="resources">
<kw name="Input Text" library="SeleniumLibrary">
<arg>${EMAILINPUT}</arg>
<arg>user01@getnada.com</arg>
<doc>Types the given ``text`` into the text field identified by ``locator``.</doc>
<msg timestamp="20230830 21:35:41.863" level="INFO">Typing text 'user01@getnada.com' into text field 'xpath=//*[@id='login']'.</msg>
<status status="PASS" starttime="20230830 21:35:41.863" endtime="20230830 21:35:41.976"/>
</kw>
<status status="PASS" starttime="20230830 21:35:41.862" endtime="20230830 21:35:41.976"/>
</kw>
<kw name="Type in password" library="resources">
<kw name="Input Password" library="SeleniumLibrary">
<arg>${PASSWORDINPUT}</arg>
<arg>Test-1234</arg>
<doc>Types the given password into the text field identified by ``locator``.</doc>
<msg timestamp="20230830 21:35:41.976" level="INFO">Typing password into text field 'xpath=//*[@id='password']'.</msg>
<msg timestamp="20230830 21:35:41.992" level="INFO">Temporally setting log level to: NONE</msg>
<msg timestamp="20230830 21:35:42.019" level="INFO">Log level changed from NONE to INFO.</msg>
<status status="PASS" starttime="20230830 21:35:41.976" endtime="20230830 21:35:42.019"/>
</kw>
<status status="PASS" starttime="20230830 21:35:41.976" endtime="20230830 21:35:42.019"/>
</kw>
<kw name="Click dropdown menu" library="resources">
<kw name="Click Element" library="SeleniumLibrary">
<arg>${LANGDROPDOWN}</arg>
<doc>Click the element identified by ``locator``.</doc>
<msg timestamp="20230830 21:35:42.019" level="INFO">Clicking element 'xpath=//form//div[2]/div/div'.</msg>
<status status="PASS" starttime="20230830 21:35:42.019" endtime="20230830 21:35:42.044"/>
</kw>
<status status="PASS" starttime="20230830 21:35:42.019" endtime="20230830 21:35:42.044"/>
</kw>
<kw name="Choose English Language" library="resources">
<kw name="Click Element" library="SeleniumLibrary">
<arg>${ENGLISHLOGIN}</arg>
<doc>Click the element identified by ``locator``.</doc>
<msg timestamp="20230830 21:35:42.045" level="INFO">Clicking element 'xpath=//div[3]/ul/li[2]'.</msg>
<status status="PASS" starttime="20230830 21:35:42.045" endtime="20230830 21:35:42.066"/>
</kw>
<status status="PASS" starttime="20230830 21:35:42.044" endtime="20230830 21:35:42.066"/>
</kw>
<kw name="Click log in button" library="resources">
<kw name="Click Button" library="SeleniumLibrary">
<arg>${SIGNINBUTTON}</arg>
<doc>Clicks the button identified by ``locator``.</doc>
<msg timestamp="20230830 21:35:42.067" level="INFO">Clicking button 'xpath=//button[@type='submit']'.</msg>
<status status="PASS" starttime="20230830 21:35:42.066" endtime="20230830 21:35:42.334"/>
</kw>
<status status="PASS" starttime="20230830 21:35:42.066" endtime="20230830 21:35:42.334"/>
</kw>
<kw name="Wait for dashboard to open" library="resources">
<kw name="Wait Until Element Is Visible" library="SeleniumLibrary">
<arg>${ADDPLAYERBUTTON}</arg>
<arg>timeout=20</arg>
<doc>Waits until the element ``locator`` is visible.</doc>
<status status="PASS" starttime="20230830 21:35:42.335" endtime="20230830 21:35:42.351"/>
</kw>
<status status="PASS" starttime="20230830 21:35:42.334" endtime="20230830 21:35:42.352"/>
</kw>
<status status="PASS" starttime="20230830 21:35:40.214" endtime="20230830 21:35:42.352"/>
</kw>
<status status="PASS" starttime="20230830 21:35:40.214" endtime="20230830 21:35:42.352"/>
</kw>
<kw name="Click players dashboard">
<kw name="Wait Until Element Is Visible" library="SeleniumLibrary">
<arg>${PLAYERSBUTTON}</arg>
<arg>timeout=100</arg>
<doc>Waits until the element ``locator`` is visible.</doc>
<status status="PASS" starttime="20230830 21:35:42.352" endtime="20230830 21:35:44.775"/>
</kw>
<kw name="Click Element" library="SeleniumLibrary">
<arg>${PLAYERSBUTTON}</arg>
<doc>Click the element identified by ``locator``.</doc>
<msg timestamp="20230830 21:35:44.776" level="INFO">Clicking element 'xpath=//ul[1]/div[2]'.</msg>
<status status="PASS" starttime="20230830 21:35:44.776" endtime="20230830 21:35:44.796"/>
</kw>
<status status="PASS" starttime="20230830 21:35:42.352" endtime="20230830 21:35:44.796"/>
</kw>
<kw name="Click download button">
<kw name="Wait Until Element Is Visible" library="SeleniumLibrary">
<arg>${PLAYERSDOWNLOADBUTTON}</arg>
<arg>timeout=100</arg>
<doc>Waits until the element ``locator`` is visible.</doc>
<status status="PASS" starttime="20230830 21:35:44.796" endtime="20230830 21:35:45.661"/>
</kw>
<kw name="Click Element" library="SeleniumLibrary">
<arg>${PLAYERSDOWNLOADBUTTON}</arg>
<doc>Click the element identified by ``locator``.</doc>
<msg timestamp="20230830 21:35:45.661" level="INFO">Clicking element 'xpath=//button[contains(@data-testid,'Download CSV')]'.</msg>
<status status="PASS" starttime="20230830 21:35:45.661" endtime="20230830 21:35:45.684"/>
</kw>
<status status="PASS" starttime="20230830 21:35:44.796" endtime="20230830 21:35:45.684"/>
</kw>
<kw name="Download CSV file">
<kw name="Sleep" library="BuiltIn">
<arg>5s</arg>
<doc>Pauses the test executed for the given time.</doc>
<msg timestamp="20230830 21:35:50.686" level="INFO">Slept 5 seconds</msg>
<status status="PASS" starttime="20230830 21:35:45.684" endtime="20230830 21:35:50.686"/>
</kw>
<kw name="Normalize Path" library="OperatingSystem">
<var>${path}</var>
<arg>~/Downloads</arg>
<doc>Normalizes the given path.</doc>
<msg timestamp="20230830 21:35:50.688" level="INFO">${path} = /Users/martaciesla/Downloads</msg>
<status status="PASS" starttime="20230830 21:35:50.687" endtime="20230830 21:35:50.688"/>
</kw>
<kw name="Evaluate" library="BuiltIn">
<var>${RAND}</var>
<arg>random.sample(range(1,11), 1)</arg>
<doc>Evaluates the given expression in Python and returns the result.</doc>
<msg timestamp="20230830 21:35:50.689" level="INFO">${RAND} = [8]</msg>
<status status="PASS" starttime="20230830 21:35:50.688" endtime="20230830 21:35:50.689"/>
</kw>
<kw name="Move File" library="OperatingSystem">
<arg>${path}/tableDownload.csv</arg>
<arg>/Users/martaciesla/PycharmProjects/robot_framework_football/players_file_download/all_players_db${RAND}.csv</arg>
<doc>Moves the source file into the destination.</doc>
<msg timestamp="20230830 21:35:50.691" level="INFO" html="true">Moved file from '&lt;a href="file:///Users/martaciesla/Downloads/tableDownload.csv"&gt;/Users/martaciesla/Downloads/tableDownload.csv&lt;/a&gt;' to '&lt;a href="file:///Users/martaciesla/PycharmProjects/robot_framework_football/players_file_download/all_players_db[8].csv"&gt;/Users/martaciesla/PycharmProjects/robot_framework_football/players_file_download/all_players_db[8].csv&lt;/a&gt;'.</msg>
<status status="PASS" starttime="20230830 21:35:50.689" endtime="20230830 21:35:50.691"/>
</kw>
<kw name="File Should Exist" library="OperatingSystem">
<arg>/Users/martaciesla/PycharmProjects/robot_framework_football/players_file_download/all_players_db${RAND}.csv</arg>
<doc>Fails unless the given ``path`` points to an existing file.</doc>
<msg timestamp="20230830 21:35:50.691" level="INFO" html="true">File '&lt;a href="file:///Users/martaciesla/PycharmProjects/robot_framework_football/players_file_download/all_players_db[8].csv"&gt;/Users/martaciesla/PycharmProjects/robot_framework_football/players_file_download/all_players_db[8].csv&lt;/a&gt;' exists.</msg>
<status status="PASS" starttime="20230830 21:35:50.691" endtime="20230830 21:35:50.692"/>
</kw>
<kw name="Capture Page Screenshot" library="SeleniumLibrary">
<arg>test_download_players_file.png</arg>
<doc>Takes a screenshot of the current page and embeds it into a log file.</doc>
<msg timestamp="20230830 21:35:50.866" level="INFO" html="true">&lt;/td&gt;&lt;/tr&gt;&lt;tr&gt;&lt;td colspan="3"&gt;&lt;a href="test_download_players_file.png"&gt;&lt;img src="test_download_players_file.png" width="800px"&gt;&lt;/a&gt;</msg>
<status status="PASS" starttime="20230830 21:35:50.692" endtime="20230830 21:35:50.866"/>
</kw>
<status status="PASS" starttime="20230830 21:35:45.684" endtime="20230830 21:35:50.866"/>
</kw>
<kw name="Run Keywords" library="BuiltIn" type="TEARDOWN">
<arg>Log Out And Close The Browser</arg>
<doc>Executes all the given keywords in a sequence.</doc>
<kw name="Log Out And Close The Browser" library="resources">
<kw name="Click Element" library="SeleniumLibrary">
<arg>${LOGOUTBUTTON}</arg>
<doc>Click the element identified by ``locator``.</doc>
<msg timestamp="20230830 21:35:50.866" level="INFO">Clicking element 'xpath=//span[contains(text(), 'Sign out') or contains(text(), 'Wyloguj')]'.</msg>
<status status="PASS" starttime="20230830 21:35:50.866" endtime="20230830 21:35:50.893"/>
</kw>
<kw name="Close Browser" library="SeleniumLibrary">
<doc>Closes the current browser.</doc>
<status status="PASS" starttime="20230830 21:35:50.894" endtime="20230830 21:35:50.964"/>
</kw>
<status status="PASS" starttime="20230830 21:35:50.866" endtime="20230830 21:35:50.964"/>
</kw>
<status status="PASS" starttime="20230830 21:35:50.866" endtime="20230830 21:35:50.964"/>
</kw>
<status status="PASS" starttime="20230830 21:35:40.214" endtime="20230830 21:35:50.964"/>
</test>
<doc>Suite description</doc>
<status status="PASS" starttime="20230830 21:35:40.156" endtime="20230830 21:35:50.964"/>
</suite>
<statistics>
<total>
<stat pass="1" fail="0" skip="0">All Tests</stat>
</total>
<tag>
</tag>
<suite>
<stat pass="1" fail="0" skip="0" id="s1" name="Test Download Players File Rf">Test Download Players File Rf</stat>
</suite>
</statistics>
<errors>
</errors>
</robot>
