<?xml version="1.0" encoding="UTF-8"?>
<robot generator="Robot 5.0.1 (Python 3.11.4 on darwin)" generated="20230830 22:27:21.614" rpa="false" schemaversion="3">
<suite id="s1" name="Test Download Players File Rf" source="/Users/martaciesla/PycharmProjects/robot_framework_football/players_file_download/test_download_players_file_rf.robot">
<test id="s1-t1" name="Download CSV file of all players stored" line="16">
<kw name="Run Keywords" library="BuiltIn" type="SETUP">
<arg>Login to the system EN</arg>
<doc>Executes all the given keywords in a sequence.</doc>
<kw name="Log in to the system EN" library="resources">
<kw name="Open login page" library="resources">
<kw name="Open Browser" library="SeleniumLibrary">
<arg>${LOGIN URL}</arg>
<arg>${BROWSER}</arg>
<doc>Opens a new browser instance to the optional ``url``.</doc>
<msg timestamp="20230830 22:27:21.672" level="INFO">Opening browser 'Chrome' to base url 'https://dareit.futbolkolektyw.pl/en'.</msg>
<status status="PASS" starttime="20230830 22:27:21.672" endtime="20230830 22:27:23.241"/>
</kw>
<status status="PASS" starttime="20230830 22:27:21.672" endtime="20230830 22:27:23.242"/>
</kw>
<kw name="Type in email" library="resources">
<kw name="Input Text" library="SeleniumLibrary">
<arg>${EMAILINPUT}</arg>
<arg>user01@getnada.com</arg>
<doc>Types the given ``text`` into the text field identified by ``locator``.</doc>
<msg timestamp="20230830 22:27:23.242" level="INFO">Typing text 'user01@getnada.com' into text field 'xpath=//*[@id='login']'.</msg>
<status status="PASS" starttime="20230830 22:27:23.242" endtime="20230830 22:27:23.360"/>
</kw>
<status status="PASS" starttime="20230830 22:27:23.242" endtime="20230830 22:27:23.360"/>
</kw>
<kw name="Type in password" library="resources">
<kw name="Input Password" library="SeleniumLibrary">
<arg>${PASSWORDINPUT}</arg>
<arg>Test-1234</arg>
<doc>Types the given password into the text field identified by ``locator``.</doc>
<msg timestamp="20230830 22:27:23.361" level="INFO">Typing password into text field 'xpath=//*[@id='password']'.</msg>
<msg timestamp="20230830 22:27:23.377" level="INFO">Temporally setting log level to: NONE</msg>
<msg timestamp="20230830 22:27:23.407" level="INFO">Log level changed from NONE to INFO.</msg>
<status status="PASS" starttime="20230830 22:27:23.361" endtime="20230830 22:27:23.407"/>
</kw>
<status status="PASS" starttime="20230830 22:27:23.360" endtime="20230830 22:27:23.407"/>
</kw>
<kw name="Click dropdown menu" library="resources">
<kw name="Click Element" library="SeleniumLibrary">
<arg>${LANGDROPDOWN}</arg>
<doc>Click the element identified by ``locator``.</doc>
<msg timestamp="20230830 22:27:23.407" level="INFO">Clicking element 'xpath=//form//div[2]/div/div'.</msg>
<status status="PASS" starttime="20230830 22:27:23.407" endtime="20230830 22:27:23.436"/>
</kw>
<status status="PASS" starttime="20230830 22:27:23.407" endtime="20230830 22:27:23.436"/>
</kw>
<kw name="Choose English Language" library="resources">
<kw name="Click Element" library="SeleniumLibrary">
<arg>${ENGLISHLOGIN}</arg>
<doc>Click the element identified by ``locator``.</doc>
<msg timestamp="20230830 22:27:23.436" level="INFO">Clicking element 'xpath=//div[3]/ul/li[2]'.</msg>
<status status="PASS" starttime="20230830 22:27:23.436" endtime="20230830 22:27:23.457"/>
</kw>
<status status="PASS" starttime="20230830 22:27:23.436" endtime="20230830 22:27:23.457"/>
</kw>
<kw name="Click log in button" library="resources">
<kw name="Click Button" library="SeleniumLibrary">
<arg>${SIGNINBUTTON}</arg>
<doc>Clicks the button identified by ``locator``.</doc>
<msg timestamp="20230830 22:27:23.458" level="INFO">Clicking button 'xpath=//button[@type='submit']'.</msg>
<status status="PASS" starttime="20230830 22:27:23.457" endtime="20230830 22:27:23.721"/>
</kw>
<status status="PASS" starttime="20230830 22:27:23.457" endtime="20230830 22:27:23.721"/>
</kw>
<kw name="Wait for dashboard to open" library="resources">
<kw name="Wait Until Element Is Visible" library="SeleniumLibrary">
<arg>${ADDPLAYERBUTTON}</arg>
<arg>timeout=20</arg>
<doc>Waits until the element ``locator`` is visible.</doc>
<status status="PASS" starttime="20230830 22:27:23.721" endtime="20230830 22:27:23.736"/>
</kw>
<status status="PASS" starttime="20230830 22:27:23.721" endtime="20230830 22:27:23.736"/>
</kw>
<status status="PASS" starttime="20230830 22:27:21.671" endtime="20230830 22:27:23.736"/>
</kw>
<status status="PASS" starttime="20230830 22:27:21.671" endtime="20230830 22:27:23.736"/>
</kw>
<kw name="Click players dashboard">
<kw name="Wait Until Element Is Visible" library="SeleniumLibrary">
<arg>${PLAYERSBUTTON}</arg>
<arg>timeout=100</arg>
<doc>Waits until the element ``locator`` is visible.</doc>
<status status="PASS" starttime="20230830 22:27:23.736" endtime="20230830 22:27:25.876"/>
</kw>
<kw name="Click Element" library="SeleniumLibrary">
<arg>${PLAYERSBUTTON}</arg>
<doc>Click the element identified by ``locator``.</doc>
<msg timestamp="20230830 22:27:25.877" level="INFO">Clicking element 'xpath=//ul[1]/div[2]'.</msg>
<status status="PASS" starttime="20230830 22:27:25.876" endtime="20230830 22:27:25.899"/>
</kw>
<status status="PASS" starttime="20230830 22:27:23.736" endtime="20230830 22:27:25.899"/>
</kw>
<kw name="Click download button">
<kw name="Wait Until Element Is Visible" library="SeleniumLibrary">
<arg>${PLAYERSDOWNLOADBUTTON}</arg>
<arg>timeout=100</arg>
<doc>Waits until the element ``locator`` is visible.</doc>
<status status="PASS" starttime="20230830 22:27:25.899" endtime="20230830 22:27:26.810"/>
</kw>
<kw name="Click Element" library="SeleniumLibrary">
<arg>${PLAYERSDOWNLOADBUTTON}</arg>
<doc>Click the element identified by ``locator``.</doc>
<msg timestamp="20230830 22:27:26.811" level="INFO">Clicking element 'xpath=//button[contains(@data-testid,'Download CSV')]'.</msg>
<status status="PASS" starttime="20230830 22:27:26.811" endtime="20230830 22:27:26.839"/>
</kw>
<status status="PASS" starttime="20230830 22:27:25.899" endtime="20230830 22:27:26.839"/>
</kw>
<kw name="Download CSV file">
<kw name="Sleep" library="BuiltIn">
<arg>5s</arg>
<doc>Pauses the test executed for the given time.</doc>
<msg timestamp="20230830 22:27:31.840" level="INFO">Slept 5 seconds</msg>
<status status="PASS" starttime="20230830 22:27:26.839" endtime="20230830 22:27:31.841"/>
</kw>
<kw name="Normalize Path" library="OperatingSystem">
<var>${path}</var>
<arg>~/Downloads</arg>
<doc>Normalizes the given path.</doc>
<msg timestamp="20230830 22:27:31.842" level="INFO">${path} = /Users/martaciesla/Downloads</msg>
<status status="PASS" starttime="20230830 22:27:31.841" endtime="20230830 22:27:31.842"/>
</kw>
<kw name="Evaluate" library="BuiltIn">
<var>${RAND}</var>
<arg>random.sample(range(1,11), 1)</arg>
<doc>Evaluates the given expression in Python and returns the result.</doc>
<msg timestamp="20230830 22:27:31.843" level="INFO">${RAND} = [10]</msg>
<status status="PASS" starttime="20230830 22:27:31.843" endtime="20230830 22:27:31.843"/>
</kw>
<kw name="Move File" library="OperatingSystem">
<arg>${path}/tableDownload.csv</arg>
<arg>/Users/martaciesla/PycharmProjects/robot_framework_football/players_file_download/all_players_db${RAND}.csv</arg>
<doc>Moves the source file into the destination.</doc>
<msg timestamp="20230830 22:27:31.846" level="INFO" html="true">Moved file from '&lt;a href="file:///Users/martaciesla/Downloads/tableDownload.csv"&gt;/Users/martaciesla/Downloads/tableDownload.csv&lt;/a&gt;' to '&lt;a href="file:///Users/martaciesla/PycharmProjects/robot_framework_football/players_file_download/all_players_db[10].csv"&gt;/Users/martaciesla/PycharmProjects/robot_framework_football/players_file_download/all_players_db[10].csv&lt;/a&gt;'.</msg>
<status status="PASS" starttime="20230830 22:27:31.844" endtime="20230830 22:27:31.846"/>
</kw>
<kw name="File Should Exist" library="OperatingSystem">
<arg>/Users/martaciesla/PycharmProjects/robot_framework_football/players_file_download/all_players_db${RAND}.csv</arg>
<doc>Fails unless the given ``path`` points to an existing file.</doc>
<msg timestamp="20230830 22:27:31.847" level="INFO" html="true">File '&lt;a href="file:///Users/martaciesla/PycharmProjects/robot_framework_football/players_file_download/all_players_db[10].csv"&gt;/Users/martaciesla/PycharmProjects/robot_framework_football/players_file_download/all_players_db[10].csv&lt;/a&gt;' exists.</msg>
<status status="PASS" starttime="20230830 22:27:31.846" endtime="20230830 22:27:31.847"/>
</kw>
<kw name="Capture Page Screenshot" library="SeleniumLibrary">
<arg>test_download_players_file.png</arg>
<doc>Takes a screenshot of the current page and embeds it into a log file.</doc>
<msg timestamp="20230830 22:27:32.022" level="INFO" html="true">&lt;/td&gt;&lt;/tr&gt;&lt;tr&gt;&lt;td colspan="3"&gt;&lt;a href="test_download_players_file.png"&gt;&lt;img src="test_download_players_file.png" width="800px"&gt;&lt;/a&gt;</msg>
<status status="PASS" starttime="20230830 22:27:31.847" endtime="20230830 22:27:32.022"/>
</kw>
<status status="PASS" starttime="20230830 22:27:26.839" endtime="20230830 22:27:32.022"/>
</kw>
<kw name="Run Keywords" library="BuiltIn" type="TEARDOWN">
<arg>Log Out And Close The Browser</arg>
<doc>Executes all the given keywords in a sequence.</doc>
<kw name="Log Out And Close The Browser" library="resources">
<kw name="Click Element" library="SeleniumLibrary">
<arg>${LOGOUTBUTTON}</arg>
<doc>Click the element identified by ``locator``.</doc>
<msg timestamp="20230830 22:27:32.022" level="INFO">Clicking element 'xpath=//span[contains(text(), 'Sign out') or contains(text(), 'Wyloguj')]'.</msg>
<msg timestamp="20230830 22:27:32.173" level="INFO" html="true">&lt;/td&gt;&lt;/tr&gt;&lt;tr&gt;&lt;td colspan="3"&gt;&lt;a href="selenium-screenshot-1.png"&gt;&lt;img src="selenium-screenshot-1.png" width="800px"&gt;&lt;/a&gt;</msg>
<msg timestamp="20230830 22:27:32.173" level="FAIL">Element with locator 'xpath=//span[contains(text(), 'Sign out') or contains(text(), 'Wyloguj')]' not found.</msg>
<status status="FAIL" starttime="20230830 22:27:32.022" endtime="20230830 22:27:32.174"/>
</kw>
<kw name="Close Browser" library="SeleniumLibrary">
<doc>Closes the current browser.</doc>
<status status="PASS" starttime="20230830 22:27:32.174" endtime="20230830 22:27:32.249"/>
</kw>
<status status="FAIL" starttime="20230830 22:27:32.022" endtime="20230830 22:27:32.249"/>
</kw>
<status status="FAIL" starttime="20230830 22:27:32.022" endtime="20230830 22:27:32.249">Element with locator 'xpath=//span[contains(text(), 'Sign out') or contains(text(), 'Wyloguj')]' not found.</status>
</kw>
<status status="FAIL" starttime="20230830 22:27:21.671" endtime="20230830 22:27:32.249">Teardown failed:
Element with locator 'xpath=//span[contains(text(), 'Sign out') or contains(text(), 'Wyloguj')]' not found.</status>
</test>
<doc>Suite description</doc>
<status status="FAIL" starttime="20230830 22:27:21.614" endtime="20230830 22:27:32.249"/>
</suite>
<statistics>
<total>
<stat pass="0" fail="1" skip="0">All Tests</stat>
</total>
<tag>
</tag>
<suite>
<stat pass="0" fail="1" skip="0" id="s1" name="Test Download Players File Rf">Test Download Players File Rf</stat>
</suite>
</statistics>
<errors>
</errors>
</robot>
