<?xml version="1.0" encoding="UTF-8"?>
<robot generator="Robot 5.0.1 (Python 3.11.4 on darwin)" generated="20230830 21:19:13.230" rpa="false" schemaversion="3">
<suite id="s1" name="Test Logout From The System Rf" source="/Users/martaciesla/PycharmProjects/robot_framework_football/logout_from_the_system/test_logout_from_the_system_rf.robot">
<test id="s1-t1" name="Logout from the system" line="11">
<kw name="Run Keywords" library="BuiltIn" type="SETUP">
<arg>Login to the system EN</arg>
<doc>Executes all the given keywords in a sequence.</doc>
<kw name="Log in to the system EN" library="resources">
<kw name="Open login page" library="resources">
<kw name="Open Browser" library="SeleniumLibrary">
<arg>${LOGIN URL}</arg>
<arg>${BROWSER}</arg>
<doc>Opens a new browser instance to the optional ``url``.</doc>
<msg timestamp="20230830 21:19:13.287" level="INFO">Opening browser 'Chrome' to base url 'https://scouts-test.futbolkolektyw.pl/en'.</msg>
<status status="PASS" starttime="20230830 21:19:13.287" endtime="20230830 21:19:14.749"/>
</kw>
<status status="PASS" starttime="20230830 21:19:13.287" endtime="20230830 21:19:14.749"/>
</kw>
<kw name="Type in email" library="resources">
<kw name="Input Text" library="SeleniumLibrary">
<arg>${EMAILINPUT}</arg>
<arg>user01@getnada.com</arg>
<doc>Types the given ``text`` into the text field identified by ``locator``.</doc>
<msg timestamp="20230830 21:19:14.750" level="INFO">Typing text 'user01@getnada.com' into text field 'xpath=//*[@id='login']'.</msg>
<status status="PASS" starttime="20230830 21:19:14.750" endtime="20230830 21:19:14.866"/>
</kw>
<status status="PASS" starttime="20230830 21:19:14.749" endtime="20230830 21:19:14.866"/>
</kw>
<kw name="Type in password" library="resources">
<kw name="Input Password" library="SeleniumLibrary">
<arg>${PASSWORDINPUT}</arg>
<arg>Test-1234</arg>
<doc>Types the given password into the text field identified by ``locator``.</doc>
<msg timestamp="20230830 21:19:14.866" level="INFO">Typing password into text field 'xpath=//*[@id='password']'.</msg>
<msg timestamp="20230830 21:19:14.883" level="INFO">Temporally setting log level to: NONE</msg>
<msg timestamp="20230830 21:19:14.913" level="INFO">Log level changed from NONE to INFO.</msg>
<status status="PASS" starttime="20230830 21:19:14.866" endtime="20230830 21:19:14.913"/>
</kw>
<status status="PASS" starttime="20230830 21:19:14.866" endtime="20230830 21:19:14.913"/>
</kw>
<kw name="Click dropdown menu" library="resources">
<kw name="Click Element" library="SeleniumLibrary">
<arg>${LANGDROPDOWN}</arg>
<doc>Click the element identified by ``locator``.</doc>
<msg timestamp="20230830 21:19:14.913" level="INFO">Clicking element 'xpath=//form//div[2]/div/div'.</msg>
<status status="PASS" starttime="20230830 21:19:14.913" endtime="20230830 21:19:14.938"/>
</kw>
<status status="PASS" starttime="20230830 21:19:14.913" endtime="20230830 21:19:14.938"/>
</kw>
<kw name="Choose English Language" library="resources">
<kw name="Click Element" library="SeleniumLibrary">
<arg>${ENGLISHLOGIN}</arg>
<doc>Click the element identified by ``locator``.</doc>
<msg timestamp="20230830 21:19:14.939" level="INFO">Clicking element 'xpath=//div[3]/ul/li[2]'.</msg>
<status status="PASS" starttime="20230830 21:19:14.939" endtime="20230830 21:19:14.960"/>
</kw>
<status status="PASS" starttime="20230830 21:19:14.938" endtime="20230830 21:19:14.960"/>
</kw>
<kw name="Click log in button" library="resources">
<kw name="Click Button" library="SeleniumLibrary">
<arg>${SIGNINBUTTON}</arg>
<doc>Clicks the button identified by ``locator``.</doc>
<msg timestamp="20230830 21:19:14.960" level="INFO">Clicking button 'xpath=//button[@type='submit']'.</msg>
<status status="PASS" starttime="20230830 21:19:14.960" endtime="20230830 21:19:15.228"/>
</kw>
<status status="PASS" starttime="20230830 21:19:14.960" endtime="20230830 21:19:15.228"/>
</kw>
<kw name="Wait for dashboard to open" library="resources">
<kw name="Wait Until Element Is Visible" library="SeleniumLibrary">
<arg>${ADDPLAYERBUTTON}</arg>
<arg>timeout=20</arg>
<doc>Waits until the element ``locator`` is visible.</doc>
<status status="PASS" starttime="20230830 21:19:15.228" endtime="20230830 21:19:15.244"/>
</kw>
<status status="PASS" starttime="20230830 21:19:15.228" endtime="20230830 21:19:15.244"/>
</kw>
<status status="PASS" starttime="20230830 21:19:13.287" endtime="20230830 21:19:15.245"/>
</kw>
<status status="PASS" starttime="20230830 21:19:13.287" endtime="20230830 21:19:15.245"/>
</kw>
<kw name="Assert title of page">
<kw name="Wait Until Element Is Visible" library="SeleniumLibrary">
<arg>${SIGNINBUTTON}</arg>
<arg>timeout=30</arg>
<doc>Waits until the element ``locator`` is visible.</doc>
<status status="PASS" starttime="20230830 21:19:15.245" endtime="20230830 21:19:15.256"/>
</kw>
<kw name="Title Should Be" library="SeleniumLibrary">
<arg>Scouts panel - sign in</arg>
<doc>Verifies that the current page title equals ``title``.</doc>
<msg timestamp="20230830 21:19:15.258" level="INFO">Page title is 'Scouts panel - sign in'.</msg>
<status status="PASS" starttime="20230830 21:19:15.256" endtime="20230830 21:19:15.258"/>
</kw>
<kw name="Capture Page Screenshot" library="SeleniumLibrary">
<arg>user_sign_out.png</arg>
<doc>Takes a screenshot of the current page and embeds it into a log file.</doc>
<msg timestamp="20230830 21:19:15.418" level="INFO" html="true">&lt;/td&gt;&lt;/tr&gt;&lt;tr&gt;&lt;td colspan="3"&gt;&lt;a href="user_sign_out.png"&gt;&lt;img src="user_sign_out.png" width="800px"&gt;&lt;/a&gt;</msg>
<status status="PASS" starttime="20230830 21:19:15.258" endtime="20230830 21:19:15.418"/>
</kw>
<status status="PASS" starttime="20230830 21:19:15.245" endtime="20230830 21:19:15.418"/>
</kw>
<kw name="Sleep" library="BuiltIn">
<arg>3s</arg>
<doc>Pauses the test executed for the given time.</doc>
<msg timestamp="20230830 21:19:18.420" level="INFO">Slept 3 seconds</msg>
<status status="PASS" starttime="20230830 21:19:15.418" endtime="20230830 21:19:18.420"/>
</kw>
<kw name="Click Element" library="SeleniumLibrary">
<arg>${SIGNOUTBUTTON}</arg>
<doc>Click the element identified by ``locator``.</doc>
<msg timestamp="20230830 21:19:18.422" level="INFO">Clicking element 'xpath=//div[1]/ul[2]/div[2]'.</msg>
<status status="PASS" starttime="20230830 21:19:18.421" endtime="20230830 21:19:18.471"/>
</kw>
<kw name="Sleep" library="BuiltIn">
<arg>3s</arg>
<doc>Pauses the test executed for the given time.</doc>
<msg timestamp="20230830 21:19:21.472" level="INFO">Slept 3 seconds</msg>
<status status="PASS" starttime="20230830 21:19:18.471" endtime="20230830 21:19:21.472"/>
</kw>
<kw name="Close Browser" library="SeleniumLibrary" type="TEARDOWN">
<doc>Closes the current browser.</doc>
<status status="PASS" starttime="20230830 21:19:21.473" endtime="20230830 21:19:21.546"/>
</kw>
<status status="PASS" starttime="20230830 21:19:13.287" endtime="20230830 21:19:21.546"/>
</test>
<doc>Suite description</doc>
<status status="PASS" starttime="20230830 21:19:13.231" endtime="20230830 21:19:21.547"/>
</suite>
<statistics>
<total>
<stat pass="1" fail="0" skip="0">All Tests</stat>
</total>
<tag>
</tag>
<suite>
<stat pass="1" fail="0" skip="0" id="s1" name="Test Logout From The System Rf">Test Logout From The System Rf</stat>
</suite>
</statistics>
<errors>
</errors>
</robot>
