<?xml version="1.0" encoding="UTF-8"?>
<robot generator="Robot 5.0.1 (Python 3.11.4 on darwin)" generated="20230726 22:51:05.924" rpa="false" schemaversion="3">
<suite id="s1" name="Test Logout From The System Rf" source="/Users/martaciesla/PycharmProjects/footballscouts_robotframework/logout_from_the_system/test_logout_from_the_system_rf.robot">
<test id="s1-t1" name="Login to the system" line="14">
<kw name="Open login page">
<kw name="Open Browser" library="SeleniumLibrary">
<arg>${LOGIN URL}</arg>
<arg>${BROWSER}</arg>
<doc>Opens a new browser instance to the optional ``url``.</doc>
<msg timestamp="20230726 22:51:05.979" level="INFO">Opening browser 'Chrome' to base url 'https://scouts-test.futbolkolektyw.pl/en'.</msg>
<msg timestamp="20230726 22:51:05.980" level="INFO">Applicable driver not found; attempting to install with Selenium Manager (Beta)</msg>
<status status="PASS" starttime="20230726 22:51:05.979" endtime="20230726 22:51:07.608"/>
</kw>
<status status="PASS" starttime="20230726 22:51:05.979" endtime="20230726 22:51:07.608"/>
</kw>
<kw name="Type in email and password">
<kw name="Input Text" library="SeleniumLibrary">
<arg>${EMAILINPUT}</arg>
<arg>user01@getnada.com</arg>
<doc>Types the given ``text`` into the text field identified by ``locator``.</doc>
<msg timestamp="20230726 22:51:07.609" level="INFO">Typing text 'user01@getnada.com' into text field 'xpath=//*[@id='login']'.</msg>
<status status="PASS" starttime="20230726 22:51:07.609" endtime="20230726 22:51:07.717"/>
</kw>
<kw name="Input Password" library="SeleniumLibrary">
<arg>${PASSWORDINPUT}</arg>
<arg>Test-1234</arg>
<doc>Types the given password into the text field identified by ``locator``.</doc>
<msg timestamp="20230726 22:51:07.718" level="INFO">Typing password into text field 'xpath=//*[@id='password']'.</msg>
<msg timestamp="20230726 22:51:07.734" level="INFO">Temporally setting log level to: NONE</msg>
<msg timestamp="20230726 22:51:07.763" level="INFO">Log level changed from NONE to INFO.</msg>
<status status="PASS" starttime="20230726 22:51:07.717" endtime="20230726 22:51:07.763"/>
</kw>
<status status="PASS" starttime="20230726 22:51:07.608" endtime="20230726 22:51:07.763"/>
</kw>
<kw name="Click submit button">
<kw name="Click Button" library="SeleniumLibrary">
<arg>${SIGNINBUTTON}</arg>
<doc>Clicks the button identified by ``locator``.</doc>
<msg timestamp="20230726 22:51:07.764" level="INFO">Clicking button 'xpath=//button[@type='submit']'.</msg>
<status status="PASS" starttime="20230726 22:51:07.764" endtime="20230726 22:51:07.796"/>
</kw>
<kw name="Wait Until Element Is Enabled" library="SeleniumLibrary">
<arg>${SIGNOUTBUTTON}</arg>
<arg>timeout=300</arg>
<doc>Waits until the element ``locator`` is enabled.</doc>
<status status="PASS" starttime="20230726 22:51:07.796" endtime="20230726 22:51:13.162"/>
</kw>
<status status="PASS" starttime="20230726 22:51:07.764" endtime="20230726 22:51:13.163"/>
</kw>
<kw name="Click sign out button">
<kw name="Click Element" library="SeleniumLibrary">
<arg>${SIGNOUTBUTTON}</arg>
<doc>Click the element identified by ``locator``.</doc>
<msg timestamp="20230726 22:51:13.163" level="INFO">Clicking element 'xpath=//div[1]/ul[2]/div[2]'.</msg>
<status status="PASS" starttime="20230726 22:51:13.163" endtime="20230726 22:51:13.190"/>
</kw>
<status status="PASS" starttime="20230726 22:51:13.163" endtime="20230726 22:51:13.190"/>
</kw>
<kw name="Assert title of page">
<kw name="Wait Until Element Is Visible" library="SeleniumLibrary">
<arg>${SIGNINBUTTON}</arg>
<arg>timeout=300</arg>
<doc>Waits until the element ``locator`` is visible.</doc>
<status status="PASS" starttime="20230726 22:51:13.191" endtime="20230726 22:51:13.200"/>
</kw>
<kw name="Get Title" library="SeleniumLibrary">
<doc>Returns the title of the current page.</doc>
<status status="PASS" starttime="20230726 22:51:13.200" endtime="20230726 22:51:13.202"/>
</kw>
<kw name="Title Should Be" library="SeleniumLibrary">
<arg>Scouts panel - sign in</arg>
<doc>Verifies that the current page title equals ``title``.</doc>
<msg timestamp="20230726 22:51:13.204" level="INFO">Page title is 'Scouts panel - sign in'.</msg>
<status status="PASS" starttime="20230726 22:51:13.202" endtime="20230726 22:51:13.204"/>
</kw>
<kw name="Capture Page Screenshot" library="SeleniumLibrary">
<arg>user_sign_out.png</arg>
<doc>Takes a screenshot of the current page and embeds it into a log file.</doc>
<msg timestamp="20230726 22:51:13.344" level="INFO" html="true">&lt;/td&gt;&lt;/tr&gt;&lt;tr&gt;&lt;td colspan="3"&gt;&lt;a href="user_sign_out.png"&gt;&lt;img src="user_sign_out.png" width="800px"&gt;&lt;/a&gt;</msg>
<status status="PASS" starttime="20230726 22:51:13.204" endtime="20230726 22:51:13.344"/>
</kw>
<status status="PASS" starttime="20230726 22:51:13.190" endtime="20230726 22:51:13.345"/>
</kw>
<kw name="Close Browser" library="SeleniumLibrary" type="TEARDOWN">
<doc>Closes the current browser.</doc>
<status status="PASS" starttime="20230726 22:51:13.345" endtime="20230726 22:51:13.411"/>
</kw>
<status status="PASS" starttime="20230726 22:51:05.979" endtime="20230726 22:51:13.411"/>
</test>
<doc>Suite description</doc>
<status status="PASS" starttime="20230726 22:51:05.924" endtime="20230726 22:51:13.411"/>
</suite>
<statistics>
<total>
<stat pass="1" fail="0" skip="0">All Tests</stat>
</total>
<tag>
</tag>
<suite>
<stat pass="1" fail="0" skip="0" id="s1" name="Test Logout From The System Rf">Test Logout From The System Rf</stat>
</suite>
</statistics>
<errors>
</errors>
</robot>
