<?xml version="1.0" encoding="UTF-8"?>
<robot generator="Robot 5.0.1 (Python 3.11.4 on darwin)" generated="20230726 22:52:59.912" rpa="false" schemaversion="3">
<suite id="s1" name="Test Title Of Add Player Rf" source="/Users/martaciesla/PycharmProjects/footballscouts_robotframework/add_player_title/test_title_of_add_player_rf.robot">
<test id="s1-t1" name="Login to the system" line="16">
<kw name="Open login page">
<kw name="Open Browser" library="SeleniumLibrary">
<arg>${LOGIN URL}</arg>
<arg>${BROWSER}</arg>
<doc>Opens a new browser instance to the optional ``url``.</doc>
<msg timestamp="20230726 22:52:59.967" level="INFO">Opening browser 'Chrome' to base url 'https://scouts-test.futbolkolektyw.pl/en'.</msg>
<msg timestamp="20230726 22:52:59.967" level="INFO">Applicable driver not found; attempting to install with Selenium Manager (Beta)</msg>
<status status="PASS" starttime="20230726 22:52:59.966" endtime="20230726 22:53:02.635"/>
</kw>
<status status="PASS" starttime="20230726 22:52:59.966" endtime="20230726 22:53:02.636"/>
</kw>
<kw name="Type in email and password">
<kw name="Input Text" library="SeleniumLibrary">
<arg>${EMAILINPUT}</arg>
<arg>user01@getnada.com</arg>
<doc>Types the given ``text`` into the text field identified by ``locator``.</doc>
<msg timestamp="20230726 22:53:02.637" level="INFO">Typing text 'user01@getnada.com' into text field 'xpath=//*[@id='login']'.</msg>
<status status="PASS" starttime="20230726 22:53:02.636" endtime="20230726 22:53:02.768"/>
</kw>
<kw name="Input Password" library="SeleniumLibrary">
<arg>${PASSWORDINPUT}</arg>
<arg>Test-1234</arg>
<doc>Types the given password into the text field identified by ``locator``.</doc>
<msg timestamp="20230726 22:53:02.768" level="INFO">Typing password into text field 'xpath=//*[@id='password']'.</msg>
<msg timestamp="20230726 22:53:02.784" level="INFO">Temporally setting log level to: NONE</msg>
<msg timestamp="20230726 22:53:02.815" level="INFO">Log level changed from NONE to INFO.</msg>
<status status="PASS" starttime="20230726 22:53:02.768" endtime="20230726 22:53:02.815"/>
</kw>
<status status="PASS" starttime="20230726 22:53:02.636" endtime="20230726 22:53:02.815"/>
</kw>
<kw name="Click submit button">
<kw name="Click Button" library="SeleniumLibrary">
<arg>${SIGNINBUTTON}</arg>
<doc>Clicks the button identified by ``locator``.</doc>
<msg timestamp="20230726 22:53:02.816" level="INFO">Clicking button 'xpath=//button[@type='submit']'.</msg>
<status status="PASS" starttime="20230726 22:53:02.816" endtime="20230726 22:53:02.847"/>
</kw>
<status status="PASS" starttime="20230726 22:53:02.816" endtime="20230726 22:53:02.847"/>
</kw>
<kw name="Click add player button">
<kw name="Wait Until Element Is Visible" library="SeleniumLibrary">
<arg>${ADDPLAYERBUTTON}</arg>
<arg>timeout=20</arg>
<doc>Waits until the element ``locator`` is visible.</doc>
<status status="PASS" starttime="20230726 22:53:02.847" endtime="20230726 22:53:04.979"/>
</kw>
<kw name="Click Button" library="SeleniumLibrary">
<arg>${ADDPLAYERBUTTON}</arg>
<doc>Clicks the button identified by ``locator``.</doc>
<msg timestamp="20230726 22:53:04.980" level="INFO">Clicking button 'xpath=//div[2]//a/button'.</msg>
<status status="PASS" starttime="20230726 22:53:04.979" endtime="20230726 22:53:05.007"/>
</kw>
<status status="PASS" starttime="20230726 22:53:02.847" endtime="20230726 22:53:05.007"/>
</kw>
<kw name="Assert title of page">
<kw name="Wait Until Element Is Visible" library="SeleniumLibrary">
<arg>${ADDPLAYERFORMNAME}</arg>
<arg>timeout=20</arg>
<doc>Waits until the element ``locator`` is visible.</doc>
<status status="PASS" starttime="20230726 22:53:05.007" endtime="20230726 22:53:05.230"/>
</kw>
<kw name="Get Title" library="SeleniumLibrary">
<doc>Returns the title of the current page.</doc>
<status status="PASS" starttime="20230726 22:53:05.230" endtime="20230726 22:53:05.232"/>
</kw>
<kw name="Title Should Be" library="SeleniumLibrary">
<arg>Add player</arg>
<doc>Verifies that the current page title equals ``title``.</doc>
<msg timestamp="20230726 22:53:05.234" level="INFO">Page title is 'Add player'.</msg>
<status status="PASS" starttime="20230726 22:53:05.232" endtime="20230726 22:53:05.234"/>
</kw>
<kw name="Capture Page Screenshot" library="SeleniumLibrary">
<arg>alert_title_of_add_player.png</arg>
<doc>Takes a screenshot of the current page and embeds it into a log file.</doc>
<msg timestamp="20230726 22:53:05.370" level="INFO" html="true">&lt;/td&gt;&lt;/tr&gt;&lt;tr&gt;&lt;td colspan="3"&gt;&lt;a href="alert_title_of_add_player.png"&gt;&lt;img src="alert_title_of_add_player.png" width="800px"&gt;&lt;/a&gt;</msg>
<status status="PASS" starttime="20230726 22:53:05.234" endtime="20230726 22:53:05.370"/>
</kw>
<status status="PASS" starttime="20230726 22:53:05.007" endtime="20230726 22:53:05.370"/>
</kw>
<kw name="Close Browser" library="SeleniumLibrary" type="TEARDOWN">
<doc>Closes the current browser.</doc>
<status status="PASS" starttime="20230726 22:53:05.370" endtime="20230726 22:53:05.438"/>
</kw>
<status status="PASS" starttime="20230726 22:52:59.966" endtime="20230726 22:53:05.438"/>
</test>
<doc>Suite description</doc>
<status status="PASS" starttime="20230726 22:52:59.913" endtime="20230726 22:53:05.439"/>
</suite>
<statistics>
<total>
<stat pass="1" fail="0" skip="0">All Tests</stat>
</total>
<tag>
</tag>
<suite>
<stat pass="1" fail="0" skip="0" id="s1" name="Test Title Of Add Player Rf">Test Title Of Add Player Rf</stat>
</suite>
</statistics>
<errors>
</errors>
</robot>
