<?xml version="1.0" encoding="UTF-8"?>
<robot generator="Robot 5.0.1 (Python 3.11.4 on darwin)" generated="20230830 21:08:08.318" rpa="false" schemaversion="3">
<suite id="s1" name="Test Title Of Add Player Rf" source="/Users/martaciesla/PycharmProjects/robot_framework_football/add_player_title/test_title_of_add_player_rf.robot">
<test id="s1-t1" name="Title of add player page" line="14">
<kw name="Run Keywords" library="BuiltIn" type="SETUP">
<arg>Login to the system EN</arg>
<doc>Executes all the given keywords in a sequence.</doc>
<kw name="Log in to the system EN" library="resources">
<kw name="Open login page" library="resources">
<kw name="Open Browser" library="SeleniumLibrary">
<arg>${LOGIN URL}</arg>
<arg>${BROWSER}</arg>
<doc>Opens a new browser instance to the optional ``url``.</doc>
<msg timestamp="20230830 21:08:08.386" level="INFO">Opening browser 'Chrome' to base url 'https://scouts-test.futbolkolektyw.pl/en'.</msg>
<status status="PASS" starttime="20230830 21:08:08.386" endtime="20230830 21:08:10.094"/>
</kw>
<status status="PASS" starttime="20230830 21:08:08.386" endtime="20230830 21:08:10.094"/>
</kw>
<kw name="Type in email" library="resources">
<kw name="Input Text" library="SeleniumLibrary">
<arg>${EMAILINPUT}</arg>
<arg>user01@getnada.com</arg>
<doc>Types the given ``text`` into the text field identified by ``locator``.</doc>
<msg timestamp="20230830 21:08:10.094" level="INFO">Typing text 'user01@getnada.com' into text field 'xpath=//*[@id='login']'.</msg>
<status status="PASS" starttime="20230830 21:08:10.094" endtime="20230830 21:08:10.214"/>
</kw>
<status status="PASS" starttime="20230830 21:08:10.094" endtime="20230830 21:08:10.214"/>
</kw>
<kw name="Type in password" library="resources">
<kw name="Input Password" library="SeleniumLibrary">
<arg>${PASSWORDINPUT}</arg>
<arg>Test-1234</arg>
<doc>Types the given password into the text field identified by ``locator``.</doc>
<msg timestamp="20230830 21:08:10.214" level="INFO">Typing password into text field 'xpath=//*[@id='password']'.</msg>
<msg timestamp="20230830 21:08:10.229" level="INFO">Temporally setting log level to: NONE</msg>
<msg timestamp="20230830 21:08:10.260" level="INFO">Log level changed from NONE to INFO.</msg>
<status status="PASS" starttime="20230830 21:08:10.214" endtime="20230830 21:08:10.260"/>
</kw>
<status status="PASS" starttime="20230830 21:08:10.214" endtime="20230830 21:08:10.260"/>
</kw>
<kw name="Click dropdown menu" library="resources">
<kw name="Click Element" library="SeleniumLibrary">
<arg>${LANGDROPDOWN}</arg>
<doc>Click the element identified by ``locator``.</doc>
<msg timestamp="20230830 21:08:10.261" level="INFO">Clicking element 'xpath=//form//div[2]/div/div'.</msg>
<status status="PASS" starttime="20230830 21:08:10.261" endtime="20230830 21:08:10.287"/>
</kw>
<status status="PASS" starttime="20230830 21:08:10.260" endtime="20230830 21:08:10.287"/>
</kw>
<kw name="Choose English Language" library="resources">
<kw name="Click Element" library="SeleniumLibrary">
<arg>${ENGLISHLOGIN}</arg>
<doc>Click the element identified by ``locator``.</doc>
<msg timestamp="20230830 21:08:10.288" level="INFO">Clicking element 'xpath=//div[3]/ul/li[2]'.</msg>
<status status="PASS" starttime="20230830 21:08:10.287" endtime="20230830 21:08:10.309"/>
</kw>
<status status="PASS" starttime="20230830 21:08:10.287" endtime="20230830 21:08:10.309"/>
</kw>
<kw name="Click log in button" library="resources">
<kw name="Click Button" library="SeleniumLibrary">
<arg>${SIGNINBUTTON}</arg>
<doc>Clicks the button identified by ``locator``.</doc>
<msg timestamp="20230830 21:08:10.309" level="INFO">Clicking button 'xpath=//button[@type='submit']'.</msg>
<status status="PASS" starttime="20230830 21:08:10.309" endtime="20230830 21:08:10.573"/>
</kw>
<status status="PASS" starttime="20230830 21:08:10.309" endtime="20230830 21:08:10.573"/>
</kw>
<kw name="Wait for dashboard to open" library="resources">
<kw name="Wait Until Element Is Visible" library="SeleniumLibrary">
<arg>${ADDPLAYERBUTTON}</arg>
<arg>timeout=20</arg>
<doc>Waits until the element ``locator`` is visible.</doc>
<status status="PASS" starttime="20230830 21:08:10.573" endtime="20230830 21:08:13.366"/>
</kw>
<status status="PASS" starttime="20230830 21:08:10.573" endtime="20230830 21:08:13.366"/>
</kw>
<status status="PASS" starttime="20230830 21:08:08.386" endtime="20230830 21:08:13.366"/>
</kw>
<status status="PASS" starttime="20230830 21:08:08.386" endtime="20230830 21:08:13.366"/>
</kw>
<kw name="Click add player button">
<kw name="Wait Until Element Is Visible" library="SeleniumLibrary">
<arg>${ADDPLAYERBUTTON}</arg>
<arg>timeout=20</arg>
<doc>Waits until the element ``locator`` is visible.</doc>
<status status="PASS" starttime="20230830 21:08:13.366" endtime="20230830 21:08:13.377"/>
</kw>
<kw name="Click Button" library="SeleniumLibrary">
<arg>${ADDPLAYERBUTTON}</arg>
<doc>Clicks the button identified by ``locator``.</doc>
<msg timestamp="20230830 21:08:13.377" level="INFO">Clicking button 'xpath=//div[2]//a/button'.</msg>
<status status="PASS" starttime="20230830 21:08:13.377" endtime="20230830 21:08:13.407"/>
</kw>
<kw name="Sleep" library="BuiltIn">
<arg>3s</arg>
<doc>Pauses the test executed for the given time.</doc>
<msg timestamp="20230830 21:08:16.408" level="INFO">Slept 3 seconds</msg>
<status status="PASS" starttime="20230830 21:08:13.407" endtime="20230830 21:08:16.409"/>
</kw>
<status status="PASS" starttime="20230830 21:08:13.366" endtime="20230830 21:08:16.409"/>
</kw>
<kw name="Assert title of page">
<kw name="Wait Until Element Is Visible" library="SeleniumLibrary">
<arg>${ADDPLAYERFORMNAME}</arg>
<arg>timeout=20</arg>
<doc>Waits until the element ``locator`` is visible.</doc>
<status status="PASS" starttime="20230830 21:08:16.410" endtime="20230830 21:08:16.434"/>
</kw>
<kw name="Get Title" library="SeleniumLibrary">
<doc>Returns the title of the current page.</doc>
<status status="PASS" starttime="20230830 21:08:16.435" endtime="20230830 21:08:16.438"/>
</kw>
<kw name="Title Should Be" library="SeleniumLibrary">
<arg>Add player</arg>
<doc>Verifies that the current page title equals ``title``.</doc>
<msg timestamp="20230830 21:08:16.441" level="INFO">Page title is 'Add player'.</msg>
<status status="PASS" starttime="20230830 21:08:16.438" endtime="20230830 21:08:16.441"/>
</kw>
<kw name="Capture Page Screenshot" library="SeleniumLibrary">
<arg>alert_title_of_add_player.png</arg>
<doc>Takes a screenshot of the current page and embeds it into a log file.</doc>
<msg timestamp="20230830 21:08:16.605" level="INFO" html="true">&lt;/td&gt;&lt;/tr&gt;&lt;tr&gt;&lt;td colspan="3"&gt;&lt;a href="alert_title_of_add_player.png"&gt;&lt;img src="alert_title_of_add_player.png" width="800px"&gt;&lt;/a&gt;</msg>
<status status="PASS" starttime="20230830 21:08:16.441" endtime="20230830 21:08:16.605"/>
</kw>
<status status="PASS" starttime="20230830 21:08:16.410" endtime="20230830 21:08:16.605"/>
</kw>
<kw name="Run Keywords" library="BuiltIn" type="TEARDOWN">
<arg>Log Out And Close The Browser</arg>
<doc>Executes all the given keywords in a sequence.</doc>
<kw name="Log Out And Close The Browser" library="resources">
<kw name="Click Element" library="SeleniumLibrary">
<arg>${LOGOUTBUTTON}</arg>
<doc>Click the element identified by ``locator``.</doc>
<msg timestamp="20230830 21:08:16.606" level="INFO">Clicking element 'xpath=//span[contains(text(), 'Sign out') or contains(text(), 'Wyloguj')]'.</msg>
<status status="PASS" starttime="20230830 21:08:16.606" endtime="20230830 21:08:16.632"/>
</kw>
<kw name="Close Browser" library="SeleniumLibrary">
<doc>Closes the current browser.</doc>
<status status="PASS" starttime="20230830 21:08:16.632" endtime="20230830 21:08:16.704"/>
</kw>
<status status="PASS" starttime="20230830 21:08:16.606" endtime="20230830 21:08:16.704"/>
</kw>
<status status="PASS" starttime="20230830 21:08:16.606" endtime="20230830 21:08:16.704"/>
</kw>
<status status="PASS" starttime="20230830 21:08:08.386" endtime="20230830 21:08:16.704"/>
</test>
<doc>Suite description</doc>
<status status="PASS" starttime="20230830 21:08:08.319" endtime="20230830 21:08:16.705"/>
</suite>
<statistics>
<total>
<stat pass="1" fail="0" skip="0">All Tests</stat>
</total>
<tag>
</tag>
<suite>
<stat pass="1" fail="0" skip="0" id="s1" name="Test Title Of Add Player Rf">Test Title Of Add Player Rf</stat>
</suite>
</statistics>
<errors>
</errors>
</robot>
